2019-02-13 22:10:25:405  [TID 7380    ][INFO    ] Find Actions [ACTIONMAN_SERVER]
2019-02-13 22:31:15:722  [TID 5868    ][INFO    ] Find Actions [ACTIONMAN_SERVER]
2019-02-13 22:31:28:427  [TID 344     ][INFO    ] Find Actions [ACTIONMAN_SERVER]
2019-02-14 19:21:24:601  [TID 17152   ][INFO    ] Find Actions [ACTIONMAN_SERVER]
2019-02-14 19:22:01:252  [TID 18100   ][INFO    ] Find Actions [ACTIONMAN_SERVER]
2019-02-14 19:22:14:361  [TID 18180   ][INFO    ] Find Actions [ACTIONMAN_SERVER]
2019-02-14 19:27:38:819  [TID 4340    ][INFO    ] Find Actions [ACTIONMAN_SERVER]
2019-02-14 19:28:14:007  [TID 11632   ][INFO    ] Getting Actionlist [ACTIONMAN_SERVER]
2019-02-14 19:28:28:629  [TID 11392   ][INFO    ] Action correctly updated [ACTIONMAN_SERVER]
2019-02-14 19:28:38:585  [TID 16152   ][INFO    ] Getting Actionlist [ACTIONMAN_SERVER]
2019-02-14 19:29:02:135  [TID 13400   ][INFO    ] Action correctly updated [ACTIONMAN_SERVER]
2019-02-14 19:31:31:848  [TID 6220    ][INFO    ] Getting Actionlist [ACTIONMAN_SERVER]
2019-02-14 19:31:56:272  [TID 15036   ][INFO    ] Action correctly updated [ACTIONMAN_SERVER]
2019-02-14 19:32:05:708  [TID 17444   ][INFO    ] Getting Actionlist [ACTIONMAN_SERVER]
2019-02-14 19:36:03:203  [TID 6232    ][INFO    ] Find Actions [ACTIONMAN_SERVER]
2019-02-14 19:38:13:059  [TID 14700   ][INFO    ] Action correctly updated [ACTIONMAN_SERVER]
2019-02-14 19:38:49:708  [TID 14612   ][INFO    ] Getting Actionlist [ACTIONMAN_SERVER]
2019-02-14 19:38:59:908  [TID 4760    ][INFO    ] Action correctly updated [ACTIONMAN_SERVER]
2019-02-14 19:41:03:903  [TID 11360   ][INFO    ] Action correctly updated [ACTIONMAN_SERVER]
2019-02-14 19:45:24:713  [TID 6932    ][INFO    ] Getting Actionlist [ACTIONMAN_SERVER]
2019-02-14 19:51:48:048  [TID 18800   ][INFO    ] Action correctly updated [ACTIONMAN_SERVER]
2019-02-14 19:52:56:376  [TID 6232    ][INFO    ] Action correctly updated [ACTIONMAN_SERVER]
2019-02-15 08:01:31:837  [TID 6868    ][INFO    ] Getting Actionlist [ACTIONMAN_SERVER]
2019-02-15 08:01:39:408  [TID 3272    ][INFO    ] Action correctly updated [ACTIONMAN_SERVER]
2019-02-15 08:30:01:529  [TID 9040    ][INFO    ] Getting Actionlist [ACTIONMAN_SERVER]
2019-02-15 08:30:16:365  [TID 8440    ][INFO    ] Action correctly updated [ACTIONMAN_SERVER]
2019-02-15 08:32:38:005  [TID 16856   ][INFO    ] Action correctly updated [ACTIONMAN_SERVER]
2019-02-15 08:41:36:522  [TID 17272   ][INFO    ] Action correctly updated [ACTIONMAN_SERVER]
2019-02-15 08:43:47:982  [TID 3360    ][INFO    ] Action correctly updated [ACTIONMAN_SERVER]
2019-02-15 10:07:03:606  [TID 14276   ][INFO    ] Action correctly updated [ACTIONMAN_SERVER]
2019-02-15 11:10:11:400  [TID 5696    ][INFO    ] Action correctly updated [ACTIONMAN_SERVER]
2019-02-15 11:11:31:240  [TID 12604   ][INFO    ] Action correctly updated [ACTIONMAN_SERVER]
2019-02-15 11:15:57:752  [TID 6664    ][INFO    ] Getting Actionlist [ACTIONMAN_SERVER]
2019-02-15 11:16:05:502  [TID 14512   ][INFO    ] Action correctly updated [ACTIONMAN_SERVER]
2019-02-15 14:29:56:195  [TID 10612   ][INFO    ] Action correctly updated [ACTIONMAN_SERVER]
2019-02-15 14:31:05:811  [TID 7108    ][INFO    ] Action correctly updated [ACTIONMAN_SERVER]
2019-02-15 15:09:39:525  [TID 3820    ][INFO    ] Action correctly updated [ACTIONMAN_SERVER]
2019-02-15 15:41:05:001  [TID 8328    ][INFO    ] Action correctly updated [ACTIONMAN_SERVER]
2019-02-15 15:47:44:833  [TID 6868    ][INFO    ] Getting Actionlist [ACTIONMAN_SERVER]
2019-02-15 15:47:50:323  [TID 8240    ][INFO    ] Action correctly updated [ACTIONMAN_SERVER]
2019-02-15 15:48:03:189  [TID 17308   ][INFO    ] Action correctly saved [ACTIONMAN_SERVER]
2019-02-15 15:48:08:446  [TID 12072   ][INFO    ] Getting Actionlist [ACTIONMAN_SERVER]
2019-02-15 15:48:58:566  [TID 17972   ][INFO    ] Action correctly updated [ACTIONMAN_SERVER]
2019-02-15 15:59:03:942  [TID 15504   ][INFO    ] Getting Actionlist [ACTIONMAN_SERVER]
2019-02-15 15:59:07:393  [TID 12068   ][INFO    ] Action correctly updated [ACTIONMAN_SERVER]
2019-02-15 16:58:58:910  [TID 11680   ][INFO    ] Action correctly updated [ACTIONMAN_SERVER]
2019-02-15 17:14:31:539  [TID 13636   ][INFO    ] Action correctly updated [ACTIONMAN_SERVER]
2019-02-18 07:19:28:568  [TID 7344    ][INFO    ] Getting Actionlist [ACTIONMAN_SERVER]
2019-02-18 07:19:42:662  [TID 17092   ][INFO    ] Action correctly updated [ACTIONMAN_SERVER]
2019-02-18 07:24:35:241  [TID 13768   ][INFO    ] Action correctly updated [ACTIONMAN_SERVER]
2019-02-18 07:43:29:129  [TID 17804   ][INFO    ] Action correctly updated [ACTIONMAN_SERVER]
2019-02-18 08:29:11:721  [TID 16560   ][INFO    ] Getting Actionlist [ACTIONMAN_SERVER]
2019-02-18 08:35:23:030  [TID 8300    ][INFO    ] Action correctly updated [ACTIONMAN_SERVER]
2019-02-18 09:26:39:981  [TID 17164   ][INFO    ] Action correctly updated [ACTIONMAN_SERVER]
2019-02-18 14:16:58:105  [TID 6480    ][INFO    ] Getting Actionlist [ACTIONMAN_SERVER]
2019-02-18 14:17:17:842  [TID 12428   ][INFO    ] Action correctly updated [ACTIONMAN_SERVER]
2019-02-18 14:33:36:147  [TID 3980    ][INFO    ] Action correctly updated [ACTIONMAN_SERVER]
2019-02-18 14:33:55:356  [TID 9328    ][INFO    ] Action correctly saved [ACTIONMAN_SERVER]
2019-02-18 16:13:21:700  [TID 15316   ][INFO    ] Action correctly updated [ACTIONMAN_SERVER]
2019-02-18 16:39:29:434  [TID 7828    ][INFO    ] Action correctly updated [ACTIONMAN_SERVER]
2019-02-19 07:28:16:642  [TID 6888    ][INFO    ] Getting Actionlist [ACTIONMAN_SERVER]
2019-02-19 07:28:36:438  [TID 16620   ][INFO    ] Action correctly updated [ACTIONMAN_SERVER]
2019-02-19 07:57:25:237  [TID 5268    ][INFO    ] Action correctly updated [ACTIONMAN_SERVER]
2019-02-19 10:59:04:855  [TID 15640   ][INFO    ] Action correctly updated [ACTIONMAN_SERVER]
2019-02-19 12:27:25:573  [TID 5868    ][INFO    ] Action correctly updated [ACTIONMAN_SERVER]
2019-02-19 13:06:37:729  [TID 11740   ][INFO    ] Action correctly updated [ACTIONMAN_SERVER]
2019-02-19 13:06:58:841  [TID 10204   ][INFO    ] Action correctly updated [ACTIONMAN_SERVER]
2019-02-19 15:12:01:064  [TID 1940    ][INFO    ] Getting Actionlist [ACTIONMAN_SERVER]
2019-02-19 15:12:19:335  [TID 14380   ][INFO    ] Action correctly updated [ACTIONMAN_SERVER]
2019-02-19 15:13:03:880  [TID 14088   ][INFO    ] Action correctly updated [ACTIONMAN_SERVER]
2019-02-19 15:49:35:896  [TID 13604   ][INFO    ] Action correctly updated [ACTIONMAN_SERVER]
2019-02-20 07:37:15:380  [TID 6700    ][INFO    ] Getting Actionlist [ACTIONMAN_SERVER]
2019-02-20 07:37:26:340  [TID 10096   ][INFO    ] Action correctly updated [ACTIONMAN_SERVER]
2019-02-20 09:06:15:572  [TID 14412   ][INFO    ] Action correctly updated [ACTIONMAN_SERVER]
2019-02-20 09:41:52:324  [TID 10324   ][INFO    ] Action correctly updated [ACTIONMAN_SERVER]
2019-02-20 10:17:40:359  [TID 5264    ][INFO    ] Action correctly updated [ACTIONMAN_SERVER]
2019-02-20 13:47:30:785  [TID 18784   ][INFO    ] Getting Actionlist [ACTIONMAN_SERVER]
2019-02-20 13:48:07:720  [TID 9332    ][INFO    ] Action correctly updated [ACTIONMAN_SERVER]
2019-02-20 13:48:31:687  [TID 13724   ][INFO    ] Action correctly updated [ACTIONMAN_SERVER]
2019-02-20 15:24:20:193  [TID 11548   ][INFO    ] Action correctly updated [ACTIONMAN_SERVER]
2019-02-20 15:51:10:223  [TID 7816    ][INFO    ] Action correctly updated [ACTIONMAN_SERVER]
2019-02-22 07:51:17:254  [TID 6064    ][INFO    ] Getting Actionlist [ACTIONMAN_SERVER]
2019-02-22 07:51:38:701  [TID 9192    ][INFO    ] Action correctly updated [ACTIONMAN_SERVER]
2019-02-22 10:07:15:356  [TID 12116   ][INFO    ] Action correctly updated [ACTIONMAN_SERVER]
2019-02-22 10:08:10:736  [TID 17992   ][INFO    ] Action correctly updated [ACTIONMAN_SERVER]
2019-02-22 10:08:12:446  [TID 12072   ][INFO    ] Action correctly updated [ACTIONMAN_SERVER]
2019-02-22 10:25:26:988  [TID 13608   ][INFO    ] Action correctly updated [ACTIONMAN_SERVER]
2019-02-22 11:12:29:597  [TID 17176   ][INFO    ] Getting Actionlist [ACTIONMAN_SERVER]
2019-02-22 11:23:20:674  [TID 17028   ][INFO    ] Action correctly updated [ACTIONMAN_SERVER]
2019-02-22 16:20:12:634  [TID 14396   ][INFO    ] Action correctly updated [ACTIONMAN_SERVER]
2019-02-25 07:44:41:701  [TID 6612    ][INFO    ] Getting Actionlist [ACTIONMAN_SERVER]
2019-02-25 07:44:53:325  [TID 17548   ][INFO    ] Action correctly updated [ACTIONMAN_SERVER]
2019-02-25 07:58:47:540  [TID 5172    ][INFO    ] Action correctly updated [ACTIONMAN_SERVER]
2019-02-25 08:17:03:781  [TID 14468   ][INFO    ] Getting Actionlist [ACTIONMAN_SERVER]
2019-02-25 08:17:13:486  [TID 18248   ][INFO    ] Action correctly updated [ACTIONMAN_SERVER]
2019-02-25 08:17:56:634  [TID 7564    ][INFO    ] Action correctly updated [ACTIONMAN_SERVER]
2019-02-25 09:00:20:454  [TID 5372    ][INFO    ] Action correctly updated [ACTIONMAN_SERVER]
2019-02-25 09:56:04:332  [TID 11256   ][INFO    ] Action correctly updated [ACTIONMAN_SERVER]
2019-02-25 09:59:22:873  [TID 18240   ][INFO    ] Action correctly updated [ACTIONMAN_SERVER]
2019-02-25 10:00:57:477  [TID 3684    ][INFO    ] Action correctly updated [ACTIONMAN_SERVER]
2019-02-25 10:01:20:650  [TID 18368   ][INFO    ] Action correctly updated [ACTIONMAN_SERVER]
2019-02-25 14:34:40:278  [TID 14392   ][INFO    ] Action correctly updated [ACTIONMAN_SERVER]
2019-02-25 16:16:39:209  [TID 6644    ][INFO    ] Action correctly updated [ACTIONMAN_SERVER]
2019-02-25 16:18:17:487  [TID 14888   ][INFO    ] Action correctly updated [ACTIONMAN_SERVER]
2019-02-25 16:30:52:869  [TID 12020   ][INFO    ] Action correctly updated [ACTIONMAN_SERVER]
2019-02-26 07:24:39:831  [TID 6560    ][INFO    ] Getting Actionlist [ACTIONMAN_SERVER]
2019-02-26 07:24:52:484  [TID 18656   ][INFO    ] Action correctly updated [ACTIONMAN_SERVER]
2019-02-26 07:41:32:007  [TID 17800   ][INFO    ] Action correctly saved [ACTIONMAN_SERVER]
2019-02-26 08:28:49:228  [TID 19396   ][INFO    ] Action correctly updated [ACTIONMAN_SERVER]
2019-02-26 08:38:20:607  [TID 10928   ][INFO    ] Action correctly updated [ACTIONMAN_SERVER]
2019-02-26 09:42:05:376  [TID 5992    ][INFO    ] Action correctly updated [ACTIONMAN_SERVER]
2019-02-26 09:42:35:485  [TID 10296   ][INFO    ] Action correctly saved [ACTIONMAN_SERVER]
2019-02-26 14:39:51:485  [TID 4852    ][INFO    ] Action correctly updated [ACTIONMAN_SERVER]
2019-02-26 15:08:46:340  [TID 10596   ][INFO    ] Action correctly updated [ACTIONMAN_SERVER]
2019-02-26 15:09:14:174  [TID 7816    ][INFO    ] Getting Actionlist [ACTIONMAN_SERVER]
2019-02-26 15:09:23:141  [TID 19204   ][INFO    ] Action correctly updated [ACTIONMAN_SERVER]
2019-02-26 15:09:30:915  [TID 17880   ][INFO    ] Action correctly updated [ACTIONMAN_SERVER]
2019-02-26 15:11:57:079  [TID 3812    ][INFO    ] Action correctly updated [ACTIONMAN_SERVER]
2019-02-26 15:18:20:827  [TID 15268   ][INFO    ] Action correctly updated [ACTIONMAN_SERVER]
2019-02-26 15:22:47:649  [TID 6932    ][INFO    ] Getting Actionlist [ACTIONMAN_SERVER]
2019-02-26 15:24:45:590  [TID 15596   ][INFO    ] Action correctly updated [ACTIONMAN_SERVER]
2019-02-27 07:37:04:577  [TID 6648    ][INFO    ] Getting Actionlist [ACTIONMAN_SERVER]
2019-02-27 07:37:17:673  [TID 9688    ][INFO    ] Action correctly updated [ACTIONMAN_SERVER]
2019-02-27 07:37:57:264  [TID 17548   ][INFO    ] Action correctly updated [ACTIONMAN_SERVER]
2019-02-27 08:16:55:531  [TID 11576   ][INFO    ] Action correctly updated [ACTIONMAN_SERVER]
2019-02-27 08:24:14:852  [TID 14712   ][INFO    ] Getting Actionlist [ACTIONMAN_SERVER]
2019-02-27 08:24:21:069  [TID 12184   ][INFO    ] Action correctly updated [ACTIONMAN_SERVER]
2019-02-27 08:50:10:408  [TID 14188   ][INFO    ] Action correctly updated [ACTIONMAN_SERVER]
2019-02-27 09:10:58:280  [TID 12548   ][INFO    ] Getting Actionlist [ACTIONMAN_SERVER]
2019-02-27 09:11:07:100  [TID 17964   ][INFO    ] Action correctly updated [ACTIONMAN_SERVER]
2019-02-27 09:12:24:776  [TID 15884   ][INFO    ] Action correctly updated [ACTIONMAN_SERVER]
2019-02-27 09:56:47:177  [TID 13004   ][INFO    ] Action correctly updated [ACTIONMAN_SERVER]
2019-02-27 10:19:38:147  [TID 15052   ][INFO    ] Action correctly updated [ACTIONMAN_SERVER]
2019-02-27 10:24:07:964  [TID 11876   ][INFO    ] Getting Actionlist [ACTIONMAN_SERVER]
2019-02-27 10:24:20:368  [TID 19036   ][INFO    ] Action correctly updated [ACTIONMAN_SERVER]
2019-02-27 10:24:33:775  [TID 15636   ][INFO    ] Action correctly updated [ACTIONMAN_SERVER]
2019-02-27 10:39:42:249  [TID 1076    ][INFO    ] Action correctly updated [ACTIONMAN_SERVER]
2019-02-27 10:43:48:366  [TID 14020   ][INFO    ] Action correctly updated [ACTIONMAN_SERVER]
2019-02-27 10:48:53:547  [TID 15636   ][INFO    ] Getting Actionlist [ACTIONMAN_SERVER]
2019-02-27 10:48:55:685  [TID 18712   ][INFO    ] Action correctly updated [ACTIONMAN_SERVER]
2019-02-27 11:15:03:819  [TID 14820   ][INFO    ] Action correctly updated [ACTIONMAN_SERVER]
2019-02-27 13:05:21:754  [TID 14612   ][INFO    ] Action correctly updated [ACTIONMAN_SERVER]
2019-02-27 13:06:02:149  [TID 6624    ][INFO    ] Action correctly updated [ACTIONMAN_SERVER]
2019-02-27 13:46:27:496  [TID 17452   ][INFO    ] Action correctly updated [ACTIONMAN_SERVER]
2019-02-27 13:47:41:285  [TID 15672   ][INFO    ] Action correctly updated [ACTIONMAN_SERVER]
2019-02-27 13:48:59:394  [TID 12080   ][INFO    ] Action correctly updated [ACTIONMAN_SERVER]
2019-02-27 13:50:02:567  [TID 10784   ][INFO    ] Action correctly updated [ACTIONMAN_SERVER]
2019-02-27 13:50:07:837  [TID 12872   ][INFO    ] Action correctly updated [ACTIONMAN_SERVER]
2019-02-27 13:50:41:930  [TID 13792   ][INFO    ] Action correctly updated [ACTIONMAN_SERVER]
2019-02-27 13:50:59:413  [TID 3452    ][INFO    ] Action correctly updated [ACTIONMAN_SERVER]
2019-02-27 13:51:00:930  [TID 15852   ][INFO    ] Action correctly updated [ACTIONMAN_SERVER]
2019-02-27 16:07:16:012  [TID 18892   ][INFO    ] Action correctly updated [ACTIONMAN_SERVER]
2019-02-28 08:04:16:579  [TID 6868    ][INFO    ] Getting Actionlist [ACTIONMAN_SERVER]
2019-02-28 08:04:27:029  [TID 18424   ][INFO    ] Action correctly updated [ACTIONMAN_SERVER]
2019-02-28 08:11:45:607  [TID 13100   ][INFO    ] Action correctly updated [ACTIONMAN_SERVER]
2019-02-28 08:16:07:529  [TID 1264    ][INFO    ] Action correctly updated [ACTIONMAN_SERVER]
2019-03-01 07:33:17:436  [TID 7044    ][INFO    ] Getting Actionlist [ACTIONMAN_SERVER]
2019-03-01 07:34:04:332  [TID 14040   ][INFO    ] Action correctly updated [ACTIONMAN_SERVER]
2019-03-01 07:50:46:587  [TID 13084   ][INFO    ] Action correctly updated [ACTIONMAN_SERVER]
2019-03-01 07:59:27:335  [TID 11676   ][INFO    ] Action correctly updated [ACTIONMAN_SERVER]
2019-03-01 07:59:31:618  [TID 17824   ][INFO    ] Action correctly updated [ACTIONMAN_SERVER]
2019-03-01 08:40:08:860  [TID 11420   ][INFO    ] Action correctly updated [ACTIONMAN_SERVER]
2019-03-01 08:53:08:762  [TID 3740    ][INFO    ] Action correctly updated [ACTIONMAN_SERVER]
2019-03-01 09:14:12:837  [TID 15828   ][INFO    ] Action correctly updated [ACTIONMAN_SERVER]
2019-03-01 09:30:15:698  [TID 13644   ][INFO    ] Action correctly updated [ACTIONMAN_SERVER]
2019-03-01 10:28:34:787  [TID 7072    ][INFO    ] Action correctly updated [ACTIONMAN_SERVER]
2019-03-01 11:38:50:302  [TID 14932   ][INFO    ] Action correctly updated [ACTIONMAN_SERVER]
2019-03-01 11:39:20:579  [TID 11244   ][INFO    ] Action correctly updated [ACTIONMAN_SERVER]
2019-03-01 11:43:32:630  [TID 7764    ][INFO    ] Getting Actionlist [ACTIONMAN_SERVER]
2019-03-01 11:46:55:267  [TID 13476   ][INFO    ] Action correctly updated [ACTIONMAN_SERVER]
2019-03-01 11:48:14:879  [TID 17452   ][INFO    ] Action correctly updated [ACTIONMAN_SERVER]
2019-03-01 12:06:07:872  [TID 8664    ][INFO    ] Action correctly saved [ACTIONMAN_SERVER]
2019-03-01 13:13:25:970  [TID 15832   ][INFO    ] Action correctly updated [ACTIONMAN_SERVER]
2019-03-01 14:21:39:287  [TID 3364    ][INFO    ] Action correctly updated [ACTIONMAN_SERVER]
2019-03-01 14:23:02:687  [TID 3644    ][INFO    ] Action correctly updated [ACTIONMAN_SERVER]
2019-03-01 14:31:35:486  [TID 12328   ][INFO    ] Action correctly updated [ACTIONMAN_SERVER]
2019-03-01 14:32:08:612  [TID 13096   ][INFO    ] Action correctly updated [ACTIONMAN_SERVER]
2019-03-01 16:31:13:947  [TID 19608   ][INFO    ] Action correctly updated [ACTIONMAN_SERVER]
2019-03-04 07:14:16:266  [TID 6364    ][INFO    ] Getting Actionlist [ACTIONMAN_SERVER]
2019-03-04 07:23:29:701  [TID 14748   ][INFO    ] Action correctly updated [ACTIONMAN_SERVER]
2019-03-04 07:25:59:736  [TID 18104   ][INFO    ] Action correctly updated [ACTIONMAN_SERVER]
2019-03-04 08:47:54:489  [TID 2068    ][INFO    ] Action correctly updated [ACTIONMAN_SERVER]
2019-03-04 12:32:56:381  [TID 6968    ][INFO    ] Getting Actionlist [ACTIONMAN_SERVER]
2019-03-04 12:33:50:922  [TID 1632    ][INFO    ] Action correctly updated [ACTIONMAN_SERVER]
2019-03-04 12:59:38:995  [TID 11856   ][INFO    ] Action correctly updated [ACTIONMAN_SERVER]
2019-03-04 13:16:04:859  [TID 17632   ][INFO    ] Action correctly updated [ACTIONMAN_SERVER]
2019-03-05 07:19:03:565  [TID 6688    ][INFO    ] Getting Actionlist [ACTIONMAN_SERVER]
2019-03-05 07:19:07:126  [TID 10772   ][INFO    ] Action correctly updated [ACTIONMAN_SERVER]
2019-03-05 07:23:46:498  [TID 11320   ][INFO    ] Action correctly updated [ACTIONMAN_SERVER]
2019-03-05 07:25:23:309  [TID 8316    ][INFO    ] Action correctly updated [ACTIONMAN_SERVER]
2019-03-05 07:43:18:201  [TID 4280    ][INFO    ] Action correctly updated [ACTIONMAN_SERVER]
2019-03-05 07:45:25:673  [TID 20128   ][INFO    ] Action correctly updated [ACTIONMAN_SERVER]
2019-03-05 07:53:49:353  [TID 7304    ][INFO    ] Action correctly updated [ACTIONMAN_SERVER]
2019-03-05 07:58:51:975  [TID 16240   ][INFO    ] Getting Actionlist [ACTIONMAN_SERVER]
2019-03-05 07:59:05:232  [TID 15540   ][INFO    ] Action correctly updated [ACTIONMAN_SERVER]
2019-03-05 08:02:13:885  [TID 8220    ][INFO    ] Action correctly updated [ACTIONMAN_SERVER]
2019-03-05 08:02:47:610  [TID 1232    ][INFO    ] Getting Actionlist [ACTIONMAN_SERVER]
2019-03-05 08:02:59:782  [TID 7404    ][INFO    ] Action correctly updated [ACTIONMAN_SERVER]
2019-03-05 08:07:15:620  [TID 14000   ][INFO    ] Action correctly updated [ACTIONMAN_SERVER]
2019-03-05 08:16:23:221  [TID 19332   ][INFO    ] Action correctly updated [ACTIONMAN_SERVER]
2019-03-05 08:41:33:956  [TID 13548   ][INFO    ] Getting Actionlist [ACTIONMAN_SERVER]
2019-03-05 08:41:49:215  [TID 11776   ][INFO    ] Action correctly updated [ACTIONMAN_SERVER]
2019-03-05 09:49:17:426  [TID 7260    ][INFO    ] Action correctly updated [ACTIONMAN_SERVER]
2019-03-05 10:55:42:096  [TID 13732   ][INFO    ] Action correctly updated [ACTIONMAN_SERVER]
2019-03-05 11:16:10:231  [TID 2268    ][INFO    ] Action correctly updated [ACTIONMAN_SERVER]
2019-03-05 16:46:55:968  [TID 13616   ][INFO    ] Getting Actionlist [ACTIONMAN_SERVER]
2019-03-05 16:47:04:737  [TID 12352   ][INFO    ] Action correctly updated [ACTIONMAN_SERVER]
2019-03-05 16:47:19:766  [TID 8852    ][INFO    ] Action correctly updated [ACTIONMAN_SERVER]
2019-03-05 22:30:31:061  [TID 6880    ][INFO    ] Getting Actionlist [ACTIONMAN_SERVER]
2019-03-05 22:32:12:803  [TID 14596   ][INFO    ] Action correctly updated [ACTIONMAN_SERVER]
2019-03-05 22:32:51:035  [TID 6064    ][INFO    ] Action correctly updated [ACTIONMAN_SERVER]
2019-03-05 22:42:49:910  [TID 15512   ][INFO    ] Action correctly updated [ACTIONMAN_SERVER]
2019-03-05 22:54:56:822  [TID 2024    ][INFO    ] Action correctly updated [ACTIONMAN_SERVER]
2019-03-05 22:58:45:000  [TID 15480   ][INFO    ] Action correctly updated [ACTIONMAN_SERVER]
2019-03-06 07:15:30:993  [TID 1480    ][INFO    ] Getting Actionlist [ACTIONMAN_SERVER]
2019-03-06 07:15:58:947  [TID 15764   ][INFO    ] Action correctly updated [ACTIONMAN_SERVER]
2019-03-06 07:21:49:665  [TID 10012   ][INFO    ] Action correctly updated [ACTIONMAN_SERVER]
2019-03-06 07:27:09:911  [TID 7968    ][INFO    ] Getting Actionlist [ACTIONMAN_SERVER]
2019-03-06 07:27:21:931  [TID 7908    ][INFO    ] Action correctly updated [ACTIONMAN_SERVER]
2019-03-06 07:28:59:108  [TID 16712   ][INFO    ] Action correctly updated [ACTIONMAN_SERVER]
2019-03-06 08:46:47:122  [TID 6740    ][INFO    ] Getting Actionlist [ACTIONMAN_SERVER]
2019-03-06 08:46:59:130  [TID 19292   ][INFO    ] Action correctly updated [ACTIONMAN_SERVER]
2019-03-06 08:50:37:148  [TID 12248   ][INFO    ] Action correctly updated [ACTIONMAN_SERVER]
2019-03-06 08:51:46:594  [TID 19252   ][INFO    ] Action correctly updated [ACTIONMAN_SERVER]
2019-03-06 08:52:58:244  [TID 17556   ][INFO    ] Action correctly updated [ACTIONMAN_SERVER]
2019-03-06 08:55:48:840  [TID 19108   ][INFO    ] Action correctly updated [ACTIONMAN_SERVER]
2019-03-07 07:54:10:456  [TID 7012    ][INFO    ] Getting Actionlist [ACTIONMAN_SERVER]
2019-03-07 07:54:31:854  [TID 15332   ][INFO    ] Action correctly updated [ACTIONMAN_SERVER]
2019-03-07 08:09:57:087  [TID 12564   ][INFO    ] Action correctly updated [ACTIONMAN_SERVER]
2019-03-07 08:09:57:110  [TID 13092   ][INFO    ] Action correctly updated [ACTIONMAN_SERVER]
2019-03-07 15:36:38:820  [TID 6872    ][INFO    ] Getting Actionlist [ACTIONMAN_SERVER]
2019-03-07 15:36:52:834  [TID 9180    ][INFO    ] Action correctly updated [ACTIONMAN_SERVER]
2019-03-07 17:52:21:419  [TID 11688   ][INFO    ] Action correctly updated [ACTIONMAN_SERVER]
