2019-02-13 22:10:25:390  [TID 7380    ][INFO    ] Default Logger initialized [dmvcframework]
2019-02-13 22:10:25:390  [TID 7380    ][INFO    ] ENTER: Config default values [dmvcframework]
2019-02-13 22:10:25:390  [TID 7380    ][INFO    ] EXIT: Config default values [dmvcframework]
2019-02-13 22:10:25:390  [TID 7380    ][INFO    ] >> Custom configuration method [dmvcframework]
2019-02-13 22:10:25:390  [TID 7380    ][INFO    ] << Custom configuration method [dmvcframework]
2019-02-13 22:10:25:390  [TID 7380    ][INFO    ] ENTER: LoadSystemControllers [dmvcframework]
2019-02-13 22:10:25:390  [TID 7380    ][INFO    ] EXIT: LoadSystemControllers [dmvcframework]
2019-02-13 22:10:25:405  [TID 7380    ][INFO    ] GET:/actions/search/Buna -> uActionManController.TActionManController - 200 OK [dmvcframework]
2019-02-13 22:31:15:655  [TID 5868    ][INFO    ] Default Logger initialized [dmvcframework]
2019-02-13 22:31:15:655  [TID 5868    ][INFO    ] ENTER: Config default values [dmvcframework]
2019-02-13 22:31:15:655  [TID 5868    ][INFO    ] EXIT: Config default values [dmvcframework]
2019-02-13 22:31:15:655  [TID 5868    ][INFO    ] >> Custom configuration method [dmvcframework]
2019-02-13 22:31:15:655  [TID 5868    ][INFO    ] << Custom configuration method [dmvcframework]
2019-02-13 22:31:15:655  [TID 5868    ][INFO    ] ENTER: LoadSystemControllers [dmvcframework]
2019-02-13 22:31:15:655  [TID 5868    ][INFO    ] EXIT: LoadSystemControllers [dmvcframework]
2019-02-13 22:31:15:740  [TID 5868    ][INFO    ] GET:/actions/search/i -> uActionManController.TActionManController - 200 OK [dmvcframework]
2019-02-13 22:31:28:427  [TID 344     ][INFO    ] GET:/actions/search/wi -> uActionManController.TActionManController - 200 OK [dmvcframework]
2019-02-14 19:21:24:585  [TID 17152   ][INFO    ] Default Logger initialized [dmvcframework]
2019-02-14 19:21:24:585  [TID 17152   ][INFO    ] ENTER: Config default values [dmvcframework]
2019-02-14 19:21:24:585  [TID 17152   ][INFO    ] EXIT: Config default values [dmvcframework]
2019-02-14 19:21:24:585  [TID 17152   ][INFO    ] >> Custom configuration method [dmvcframework]
2019-02-14 19:21:24:585  [TID 17152   ][INFO    ] << Custom configuration method [dmvcframework]
2019-02-14 19:21:24:585  [TID 17152   ][INFO    ] ENTER: LoadSystemControllers [dmvcframework]
2019-02-14 19:21:24:585  [TID 17152   ][INFO    ] EXIT: LoadSystemControllers [dmvcframework]
2019-02-14 19:21:24:601  [TID 17152   ][INFO    ] GET:/actions/search/Buna -> uActionManController.TActionManController - 200 OK [dmvcframework]
2019-02-14 19:22:01:252  [TID 18100   ][INFO    ] GET:/actions/search/Buna -> uActionManController.TActionManController - 200 OK [dmvcframework]
2019-02-14 19:22:14:361  [TID 18180   ][INFO    ] GET:/actions/search/S -> uActionManController.TActionManController - 200 OK [dmvcframework]
2019-02-14 19:27:38:786  [TID 4340    ][INFO    ] Default Logger initialized [dmvcframework]
2019-02-14 19:27:38:786  [TID 4340    ][INFO    ] ENTER: Config default values [dmvcframework]
2019-02-14 19:27:38:786  [TID 4340    ][INFO    ] EXIT: Config default values [dmvcframework]
2019-02-14 19:27:38:786  [TID 4340    ][INFO    ] >> Custom configuration method [dmvcframework]
2019-02-14 19:27:38:786  [TID 4340    ][INFO    ] << Custom configuration method [dmvcframework]
2019-02-14 19:27:38:786  [TID 4340    ][INFO    ] ENTER: LoadSystemControllers [dmvcframework]
2019-02-14 19:27:38:786  [TID 4340    ][INFO    ] EXIT: LoadSystemControllers [dmvcframework]
2019-02-14 19:27:38:819  [TID 4340    ][INFO    ] GET:/actions/search/Buna -> uActionManController.TActionManController - 200 OK [dmvcframework]
2019-02-14 19:28:14:008  [TID 11632   ][INFO    ] GET:/actions -> uActionManController.TActionManController - 200 OK [dmvcframework]
2019-02-14 19:28:28:629  [TID 11392   ][INFO    ] PUT:/actions/257 -> uActionManController.TActionManController - 200 Action updated [dmvcframework]
2019-02-14 19:28:38:585  [TID 16152   ][INFO    ] GET:/actions -> uActionManController.TActionManController - 200 OK [dmvcframework]
2019-02-14 19:29:02:135  [TID 13400   ][INFO    ] PUT:/actions/257 -> uActionManController.TActionManController - 200 Action updated [dmvcframework]
2019-02-14 19:31:31:770  [TID 6220    ][INFO    ] Default Logger initialized [dmvcframework]
2019-02-14 19:31:31:770  [TID 6220    ][INFO    ] ENTER: Config default values [dmvcframework]
2019-02-14 19:31:31:770  [TID 6220    ][INFO    ] EXIT: Config default values [dmvcframework]
2019-02-14 19:31:31:770  [TID 6220    ][INFO    ] >> Custom configuration method [dmvcframework]
2019-02-14 19:31:31:770  [TID 6220    ][INFO    ] << Custom configuration method [dmvcframework]
2019-02-14 19:31:31:770  [TID 6220    ][INFO    ] ENTER: LoadSystemControllers [dmvcframework]
2019-02-14 19:31:31:770  [TID 6220    ][INFO    ] EXIT: LoadSystemControllers [dmvcframework]
2019-02-14 19:31:31:848  [TID 6220    ][INFO    ] GET:/actions -> uActionManController.TActionManController - 200 OK [dmvcframework]
2019-02-14 19:31:56:273  [TID 15036   ][INFO    ] PUT:/actions/257 -> uActionManController.TActionManController - 200 Action updated [dmvcframework]
2019-02-14 19:32:05:708  [TID 17444   ][INFO    ] GET:/actions -> uActionManController.TActionManController - 200 OK [dmvcframework]
2019-02-14 19:36:03:203  [TID 6232    ][INFO    ] GET:/actions/search/Buna -> uActionManController.TActionManController - 200 OK [dmvcframework]
2019-02-14 19:38:13:059  [TID 14700   ][INFO    ] PUT:/actions/7 -> uActionManController.TActionManController - 200 Action updated [dmvcframework]
2019-02-14 19:38:49:708  [TID 14612   ][INFO    ] GET:/actions -> uActionManController.TActionManController - 200 OK [dmvcframework]
2019-02-14 19:38:59:908  [TID 4760    ][INFO    ] PUT:/actions/8 -> uActionManController.TActionManController - 200 Action updated [dmvcframework]
2019-02-14 19:41:03:903  [TID 11360   ][INFO    ] PUT:/actions/257 -> uActionManController.TActionManController - 200 Action updated [dmvcframework]
2019-02-14 19:45:24:713  [TID 6932    ][INFO    ] GET:/actions -> uActionManController.TActionManController - 200 OK [dmvcframework]
2019-02-14 19:51:48:049  [TID 18800   ][INFO    ] PUT:/actions/25 -> uActionManController.TActionManController - 200 Action updated [dmvcframework]
2019-02-14 19:52:56:377  [TID 6232    ][INFO    ] PUT:/actions/257 -> uActionManController.TActionManController - 200 Action updated [dmvcframework]
2019-02-15 08:01:31:767  [TID 6868    ][INFO    ] Default Logger initialized [dmvcframework]
2019-02-15 08:01:31:767  [TID 6868    ][INFO    ] ENTER: Config default values [dmvcframework]
2019-02-15 08:01:31:767  [TID 6868    ][INFO    ] EXIT: Config default values [dmvcframework]
2019-02-15 08:01:31:767  [TID 6868    ][INFO    ] >> Custom configuration method [dmvcframework]
2019-02-15 08:01:31:767  [TID 6868    ][INFO    ] << Custom configuration method [dmvcframework]
2019-02-15 08:01:31:767  [TID 6868    ][INFO    ] ENTER: LoadSystemControllers [dmvcframework]
2019-02-15 08:01:31:767  [TID 6868    ][INFO    ] EXIT: LoadSystemControllers [dmvcframework]
2019-02-15 08:01:31:838  [TID 6868    ][INFO    ] GET:/actions -> uActionManController.TActionManController - 200 OK [dmvcframework]
2019-02-15 08:01:39:409  [TID 3272    ][INFO    ] PUT:/actions/257 -> uActionManController.TActionManController - 200 Action updated [dmvcframework]
2019-02-15 08:30:01:469  [TID 9040    ][INFO    ] Default Logger initialized [dmvcframework]
2019-02-15 08:30:01:469  [TID 9040    ][INFO    ] ENTER: Config default values [dmvcframework]
2019-02-15 08:30:01:469  [TID 9040    ][INFO    ] EXIT: Config default values [dmvcframework]
2019-02-15 08:30:01:469  [TID 9040    ][INFO    ] >> Custom configuration method [dmvcframework]
2019-02-15 08:30:01:469  [TID 9040    ][INFO    ] << Custom configuration method [dmvcframework]
2019-02-15 08:30:01:469  [TID 9040    ][INFO    ] ENTER: LoadSystemControllers [dmvcframework]
2019-02-15 08:30:01:469  [TID 9040    ][INFO    ] EXIT: LoadSystemControllers [dmvcframework]
2019-02-15 08:30:01:530  [TID 9040    ][INFO    ] GET:/actions -> uActionManController.TActionManController - 200 OK [dmvcframework]
2019-02-15 08:30:16:366  [TID 8440    ][INFO    ] PUT:/actions/147 -> uActionManController.TActionManController - 200 Action updated [dmvcframework]
2019-02-15 08:32:38:005  [TID 16856   ][INFO    ] PUT:/actions/119 -> uActionManController.TActionManController - 200 Action updated [dmvcframework]
2019-02-15 08:41:36:523  [TID 17272   ][INFO    ] PUT:/actions/308 -> uActionManController.TActionManController - 200 Action updated [dmvcframework]
2019-02-15 08:43:47:982  [TID 3360    ][INFO    ] PUT:/actions/119 -> uActionManController.TActionManController - 200 Action updated [dmvcframework]
2019-02-15 10:07:03:607  [TID 14276   ][INFO    ] PUT:/actions/149 -> uActionManController.TActionManController - 200 Action updated [dmvcframework]
2019-02-15 11:10:11:401  [TID 5696    ][INFO    ] PUT:/actions/90 -> uActionManController.TActionManController - 200 Action updated [dmvcframework]
2019-02-15 11:11:31:241  [TID 12604   ][INFO    ] PUT:/actions/257 -> uActionManController.TActionManController - 200 Action updated [dmvcframework]
2019-02-15 11:15:57:752  [TID 6664    ][INFO    ] GET:/actions -> uActionManController.TActionManController - 200 OK [dmvcframework]
2019-02-15 11:16:05:503  [TID 14512   ][INFO    ] PUT:/actions/203 -> uActionManController.TActionManController - 200 Action updated [dmvcframework]
2019-02-15 14:29:56:195  [TID 10612   ][INFO    ] PUT:/actions/294 -> uActionManController.TActionManController - 200 Action updated [dmvcframework]
2019-02-15 14:31:05:812  [TID 7108    ][INFO    ] PUT:/actions/292 -> uActionManController.TActionManController - 200 Action updated [dmvcframework]
2019-02-15 15:09:39:526  [TID 3820    ][INFO    ] PUT:/actions/292 -> uActionManController.TActionManController - 200 Action updated [dmvcframework]
2019-02-15 15:41:05:002  [TID 8328    ][INFO    ] PUT:/actions/257 -> uActionManController.TActionManController - 200 Action updated [dmvcframework]
2019-02-15 15:47:44:770  [TID 6868    ][INFO    ] Default Logger initialized [dmvcframework]
2019-02-15 15:47:44:770  [TID 6868    ][INFO    ] ENTER: Config default values [dmvcframework]
2019-02-15 15:47:44:770  [TID 6868    ][INFO    ] EXIT: Config default values [dmvcframework]
2019-02-15 15:47:44:770  [TID 6868    ][INFO    ] >> Custom configuration method [dmvcframework]
2019-02-15 15:47:44:770  [TID 6868    ][INFO    ] << Custom configuration method [dmvcframework]
2019-02-15 15:47:44:770  [TID 6868    ][INFO    ] ENTER: LoadSystemControllers [dmvcframework]
2019-02-15 15:47:44:770  [TID 6868    ][INFO    ] EXIT: LoadSystemControllers [dmvcframework]
2019-02-15 15:47:44:834  [TID 6868    ][INFO    ] GET:/actions -> uActionManController.TActionManController - 200 OK [dmvcframework]
2019-02-15 15:47:50:324  [TID 8240    ][INFO    ] PUT:/actions/203 -> uActionManController.TActionManController - 200 Action updated [dmvcframework]
2019-02-15 15:48:03:190  [TID 17308   ][INFO    ] POST:/actions -> uActionManController.TActionManController - 200 OK [dmvcframework]
2019-02-15 15:48:08:446  [TID 12072   ][INFO    ] GET:/actions -> uActionManController.TActionManController - 200 OK [dmvcframework]
2019-02-15 15:48:58:566  [TID 17972   ][INFO    ] PUT:/actions/257 -> uActionManController.TActionManController - 200 Action updated [dmvcframework]
2019-02-15 15:59:03:942  [TID 15504   ][INFO    ] GET:/actions -> uActionManController.TActionManController - 200 OK [dmvcframework]
2019-02-15 15:59:07:394  [TID 12068   ][INFO    ] PUT:/actions/292 -> uActionManController.TActionManController - 200 Action updated [dmvcframework]
2019-02-15 16:58:58:911  [TID 11680   ][INFO    ] PUT:/actions/292 -> uActionManController.TActionManController - 200 Action updated [dmvcframework]
2019-02-15 17:14:31:540  [TID 13636   ][INFO    ] PUT:/actions/257 -> uActionManController.TActionManController - 200 Action updated [dmvcframework]
2019-02-18 07:19:28:502  [TID 7344    ][INFO    ] Default Logger initialized [dmvcframework]
2019-02-18 07:19:28:502  [TID 7344    ][INFO    ] ENTER: Config default values [dmvcframework]
2019-02-18 07:19:28:502  [TID 7344    ][INFO    ] EXIT: Config default values [dmvcframework]
2019-02-18 07:19:28:502  [TID 7344    ][INFO    ] >> Custom configuration method [dmvcframework]
2019-02-18 07:19:28:502  [TID 7344    ][INFO    ] << Custom configuration method [dmvcframework]
2019-02-18 07:19:28:502  [TID 7344    ][INFO    ] ENTER: LoadSystemControllers [dmvcframework]
2019-02-18 07:19:28:502  [TID 7344    ][INFO    ] EXIT: LoadSystemControllers [dmvcframework]
2019-02-18 07:19:28:569  [TID 7344    ][INFO    ] GET:/actions -> uActionManController.TActionManController - 200 OK [dmvcframework]
2019-02-18 07:19:42:663  [TID 17092   ][INFO    ] PUT:/actions/147 -> uActionManController.TActionManController - 200 Action updated [dmvcframework]
2019-02-18 07:24:35:242  [TID 13768   ][INFO    ] PUT:/actions/119 -> uActionManController.TActionManController - 200 Action updated [dmvcframework]
2019-02-18 07:43:29:130  [TID 17804   ][INFO    ] PUT:/actions/257 -> uActionManController.TActionManController - 200 Action updated [dmvcframework]
2019-02-18 08:29:11:722  [TID 16560   ][INFO    ] GET:/actions -> uActionManController.TActionManController - 200 OK [dmvcframework]
2019-02-18 08:35:23:031  [TID 8300    ][INFO    ] PUT:/actions/311 -> uActionManController.TActionManController - 200 Action updated [dmvcframework]
2019-02-18 09:26:39:982  [TID 17164   ][INFO    ] PUT:/actions/257 -> uActionManController.TActionManController - 200 Action updated [dmvcframework]
2019-02-18 14:16:58:042  [TID 6480    ][INFO    ] Default Logger initialized [dmvcframework]
2019-02-18 14:16:58:042  [TID 6480    ][INFO    ] ENTER: Config default values [dmvcframework]
2019-02-18 14:16:58:042  [TID 6480    ][INFO    ] EXIT: Config default values [dmvcframework]
2019-02-18 14:16:58:042  [TID 6480    ][INFO    ] >> Custom configuration method [dmvcframework]
2019-02-18 14:16:58:042  [TID 6480    ][INFO    ] << Custom configuration method [dmvcframework]
2019-02-18 14:16:58:043  [TID 6480    ][INFO    ] ENTER: LoadSystemControllers [dmvcframework]
2019-02-18 14:16:58:043  [TID 6480    ][INFO    ] EXIT: LoadSystemControllers [dmvcframework]
2019-02-18 14:16:58:106  [TID 6480    ][INFO    ] GET:/actions -> uActionManController.TActionManController - 200 OK [dmvcframework]
2019-02-18 14:17:17:843  [TID 12428   ][INFO    ] PUT:/actions/286 -> uActionManController.TActionManController - 200 Action updated [dmvcframework]
2019-02-18 14:33:36:148  [TID 3980    ][INFO    ] PUT:/actions/311 -> uActionManController.TActionManController - 200 Action updated [dmvcframework]
2019-02-18 14:33:55:358  [TID 9328    ][INFO    ] POST:/actions -> uActionManController.TActionManController - 200 OK [dmvcframework]
2019-02-18 16:13:21:701  [TID 15316   ][INFO    ] PUT:/actions/203 -> uActionManController.TActionManController - 200 Action updated [dmvcframework]
2019-02-18 16:39:29:435  [TID 7828    ][INFO    ] PUT:/actions/257 -> uActionManController.TActionManController - 200 Action updated [dmvcframework]
2019-02-19 07:28:16:578  [TID 6888    ][INFO    ] Default Logger initialized [dmvcframework]
2019-02-19 07:28:16:578  [TID 6888    ][INFO    ] ENTER: Config default values [dmvcframework]
2019-02-19 07:28:16:578  [TID 6888    ][INFO    ] EXIT: Config default values [dmvcframework]
2019-02-19 07:28:16:578  [TID 6888    ][INFO    ] >> Custom configuration method [dmvcframework]
2019-02-19 07:28:16:578  [TID 6888    ][INFO    ] << Custom configuration method [dmvcframework]
2019-02-19 07:28:16:578  [TID 6888    ][INFO    ] ENTER: LoadSystemControllers [dmvcframework]
2019-02-19 07:28:16:578  [TID 6888    ][INFO    ] EXIT: LoadSystemControllers [dmvcframework]
2019-02-19 07:28:16:642  [TID 6888    ][INFO    ] GET:/actions -> uActionManController.TActionManController - 200 OK [dmvcframework]
2019-02-19 07:28:36:439  [TID 16620   ][INFO    ] PUT:/actions/312 -> uActionManController.TActionManController - 200 Action updated [dmvcframework]
2019-02-19 07:57:25:238  [TID 5268    ][INFO    ] PUT:/actions/311 -> uActionManController.TActionManController - 200 Action updated [dmvcframework]
2019-02-19 10:59:04:855  [TID 15640   ][INFO    ] PUT:/actions/311 -> uActionManController.TActionManController - 200 Action updated [dmvcframework]
2019-02-19 12:27:25:573  [TID 5868    ][INFO    ] PUT:/actions/304 -> uActionManController.TActionManController - 200 Action updated [dmvcframework]
2019-02-19 13:06:37:730  [TID 11740   ][INFO    ] PUT:/actions/184 -> uActionManController.TActionManController - 200 Action updated [dmvcframework]
2019-02-19 13:06:58:842  [TID 10204   ][INFO    ] PUT:/actions/241 -> uActionManController.TActionManController - 200 Action updated [dmvcframework]
2019-02-19 15:12:01:003  [TID 1940    ][INFO    ] Default Logger initialized [dmvcframework]
2019-02-19 15:12:01:003  [TID 1940    ][INFO    ] ENTER: Config default values [dmvcframework]
2019-02-19 15:12:01:003  [TID 1940    ][INFO    ] EXIT: Config default values [dmvcframework]
2019-02-19 15:12:01:003  [TID 1940    ][INFO    ] >> Custom configuration method [dmvcframework]
2019-02-19 15:12:01:003  [TID 1940    ][INFO    ] << Custom configuration method [dmvcframework]
2019-02-19 15:12:01:003  [TID 1940    ][INFO    ] ENTER: LoadSystemControllers [dmvcframework]
2019-02-19 15:12:01:004  [TID 1940    ][INFO    ] EXIT: LoadSystemControllers [dmvcframework]
2019-02-19 15:12:01:065  [TID 1940    ][INFO    ] GET:/actions -> uActionManController.TActionManController - 200 OK [dmvcframework]
2019-02-19 15:12:19:336  [TID 14380   ][INFO    ] PUT:/actions/205 -> uActionManController.TActionManController - 200 Action updated [dmvcframework]
2019-02-19 15:13:03:880  [TID 14088   ][INFO    ] PUT:/actions/203 -> uActionManController.TActionManController - 200 Action updated [dmvcframework]
2019-02-19 15:49:35:896  [TID 13604   ][INFO    ] PUT:/actions/257 -> uActionManController.TActionManController - 200 Action updated [dmvcframework]
2019-02-20 07:37:15:308  [TID 6700    ][INFO    ] Default Logger initialized [dmvcframework]
2019-02-20 07:37:15:308  [TID 6700    ][INFO    ] ENTER: Config default values [dmvcframework]
2019-02-20 07:37:15:308  [TID 6700    ][INFO    ] EXIT: Config default values [dmvcframework]
2019-02-20 07:37:15:308  [TID 6700    ][INFO    ] >> Custom configuration method [dmvcframework]
2019-02-20 07:37:15:308  [TID 6700    ][INFO    ] << Custom configuration method [dmvcframework]
2019-02-20 07:37:15:308  [TID 6700    ][INFO    ] ENTER: LoadSystemControllers [dmvcframework]
2019-02-20 07:37:15:308  [TID 6700    ][INFO    ] EXIT: LoadSystemControllers [dmvcframework]
2019-02-20 07:37:15:381  [TID 6700    ][INFO    ] GET:/actions -> uActionManController.TActionManController - 200 OK [dmvcframework]
2019-02-20 07:37:26:341  [TID 10096   ][INFO    ] PUT:/actions/204 -> uActionManController.TActionManController - 200 Action updated [dmvcframework]
2019-02-20 09:06:15:573  [TID 14412   ][INFO    ] PUT:/actions/311 -> uActionManController.TActionManController - 200 Action updated [dmvcframework]
2019-02-20 09:41:52:325  [TID 10324   ][INFO    ] PUT:/actions/301 -> uActionManController.TActionManController - 200 Action updated [dmvcframework]
2019-02-20 10:17:40:360  [TID 5264    ][INFO    ] PUT:/actions/257 -> uActionManController.TActionManController - 200 Action updated [dmvcframework]
2019-02-20 13:47:30:785  [TID 18784   ][INFO    ] GET:/actions -> uActionManController.TActionManController - 200 OK [dmvcframework]
2019-02-20 13:48:07:721  [TID 9332    ][INFO    ] PUT:/actions/138 -> uActionManController.TActionManController - 200 Action updated [dmvcframework]
2019-02-20 13:48:31:688  [TID 13724   ][INFO    ] PUT:/actions/304 -> uActionManController.TActionManController - 200 Action updated [dmvcframework]
2019-02-20 15:24:20:194  [TID 11548   ][INFO    ] PUT:/actions/306 -> uActionManController.TActionManController - 200 Action updated [dmvcframework]
2019-02-20 15:51:10:224  [TID 7816    ][INFO    ] PUT:/actions/257 -> uActionManController.TActionManController - 200 Action updated [dmvcframework]
2019-02-22 07:51:17:191  [TID 6064    ][INFO    ] Default Logger initialized [dmvcframework]
2019-02-22 07:51:17:191  [TID 6064    ][INFO    ] ENTER: Config default values [dmvcframework]
2019-02-22 07:51:17:191  [TID 6064    ][INFO    ] EXIT: Config default values [dmvcframework]
2019-02-22 07:51:17:191  [TID 6064    ][INFO    ] >> Custom configuration method [dmvcframework]
2019-02-22 07:51:17:191  [TID 6064    ][INFO    ] << Custom configuration method [dmvcframework]
2019-02-22 07:51:17:191  [TID 6064    ][INFO    ] ENTER: LoadSystemControllers [dmvcframework]
2019-02-22 07:51:17:191  [TID 6064    ][INFO    ] EXIT: LoadSystemControllers [dmvcframework]
2019-02-22 07:51:17:254  [TID 6064    ][INFO    ] GET:/actions -> uActionManController.TActionManController - 200 OK [dmvcframework]
2019-02-22 07:51:38:702  [TID 9192    ][INFO    ] PUT:/actions/119 -> uActionManController.TActionManController - 200 Action updated [dmvcframework]
2019-02-22 10:07:15:356  [TID 12116   ][INFO    ] PUT:/actions/241 -> uActionManController.TActionManController - 200 Action updated [dmvcframework]
2019-02-22 10:08:10:738  [TID 17992   ][INFO    ] PUT:/actions/241 -> uActionManController.TActionManController - 200 Action updated [dmvcframework]
2019-02-22 10:08:12:446  [TID 12072   ][INFO    ] PUT:/actions/241 -> uActionManController.TActionManController - 200 Action updated [dmvcframework]
2019-02-22 10:25:26:988  [TID 13608   ][INFO    ] PUT:/actions/257 -> uActionManController.TActionManController - 200 Action updated [dmvcframework]
2019-02-22 11:12:29:597  [TID 17176   ][INFO    ] GET:/actions -> uActionManController.TActionManController - 200 OK [dmvcframework]
2019-02-22 11:23:20:674  [TID 17028   ][INFO    ] PUT:/actions/306 -> uActionManController.TActionManController - 200 Action updated [dmvcframework]
2019-02-22 16:20:12:635  [TID 14396   ][INFO    ] PUT:/actions/257 -> uActionManController.TActionManController - 200 Action updated [dmvcframework]
2019-02-25 07:44:41:641  [TID 6612    ][INFO    ] Default Logger initialized [dmvcframework]
2019-02-25 07:44:41:641  [TID 6612    ][INFO    ] ENTER: Config default values [dmvcframework]
2019-02-25 07:44:41:641  [TID 6612    ][INFO    ] EXIT: Config default values [dmvcframework]
2019-02-25 07:44:41:641  [TID 6612    ][INFO    ] >> Custom configuration method [dmvcframework]
2019-02-25 07:44:41:641  [TID 6612    ][INFO    ] << Custom configuration method [dmvcframework]
2019-02-25 07:44:41:641  [TID 6612    ][INFO    ] ENTER: LoadSystemControllers [dmvcframework]
2019-02-25 07:44:41:641  [TID 6612    ][INFO    ] EXIT: LoadSystemControllers [dmvcframework]
2019-02-25 07:44:41:702  [TID 6612    ][INFO    ] GET:/actions -> uActionManController.TActionManController - 200 OK [dmvcframework]
2019-02-25 07:44:53:326  [TID 17548   ][INFO    ] PUT:/actions/90 -> uActionManController.TActionManController - 200 Action updated [dmvcframework]
2019-02-25 07:58:47:541  [TID 5172    ][INFO    ] PUT:/actions/257 -> uActionManController.TActionManController - 200 Action updated [dmvcframework]
2019-02-25 08:17:03:781  [TID 14468   ][INFO    ] GET:/actions -> uActionManController.TActionManController - 200 OK [dmvcframework]
2019-02-25 08:17:13:487  [TID 18248   ][INFO    ] PUT:/actions/203 -> uActionManController.TActionManController - 200 Action updated [dmvcframework]
2019-02-25 08:17:56:634  [TID 7564    ][INFO    ] PUT:/actions/205 -> uActionManController.TActionManController - 200 Action updated [dmvcframework]
2019-02-25 09:00:20:455  [TID 5372    ][INFO    ] PUT:/actions/205 -> uActionManController.TActionManController - 200 Action updated [dmvcframework]
2019-02-25 09:56:04:333  [TID 11256   ][INFO    ] PUT:/actions/306 -> uActionManController.TActionManController - 200 Action updated [dmvcframework]
2019-02-25 09:59:22:874  [TID 18240   ][INFO    ] PUT:/actions/239 -> uActionManController.TActionManController - 200 Action updated [dmvcframework]
2019-02-25 10:00:57:478  [TID 3684    ][INFO    ] PUT:/actions/276 -> uActionManController.TActionManController - 200 Action updated [dmvcframework]
2019-02-25 10:01:20:651  [TID 18368   ][INFO    ] PUT:/actions/275 -> uActionManController.TActionManController - 200 Action updated [dmvcframework]
2019-02-25 14:34:40:280  [TID 14392   ][INFO    ] PUT:/actions/241 -> uActionManController.TActionManController - 200 Action updated [dmvcframework]
2019-02-25 16:16:39:209  [TID 6644    ][INFO    ] PUT:/actions/147 -> uActionManController.TActionManController - 200 Action updated [dmvcframework]
2019-02-25 16:18:17:488  [TID 14888   ][INFO    ] PUT:/actions/119 -> uActionManController.TActionManController - 200 Action updated [dmvcframework]
2019-02-25 16:30:52:870  [TID 12020   ][INFO    ] PUT:/actions/257 -> uActionManController.TActionManController - 200 Action updated [dmvcframework]
2019-02-26 07:24:39:740  [TID 6560    ][INFO    ] Default Logger initialized [dmvcframework]
2019-02-26 07:24:39:740  [TID 6560    ][INFO    ] ENTER: Config default values [dmvcframework]
2019-02-26 07:24:39:740  [TID 6560    ][INFO    ] EXIT: Config default values [dmvcframework]
2019-02-26 07:24:39:740  [TID 6560    ][INFO    ] >> Custom configuration method [dmvcframework]
2019-02-26 07:24:39:740  [TID 6560    ][INFO    ] << Custom configuration method [dmvcframework]
2019-02-26 07:24:39:740  [TID 6560    ][INFO    ] ENTER: LoadSystemControllers [dmvcframework]
2019-02-26 07:24:39:740  [TID 6560    ][INFO    ] EXIT: LoadSystemControllers [dmvcframework]
2019-02-26 07:24:39:832  [TID 6560    ][INFO    ] GET:/actions -> uActionManController.TActionManController - 200 OK [dmvcframework]
2019-02-26 07:24:52:485  [TID 18656   ][INFO    ] PUT:/actions/241 -> uActionManController.TActionManController - 200 Action updated [dmvcframework]
2019-02-26 07:41:32:008  [TID 17800   ][INFO    ] POST:/actions -> uActionManController.TActionManController - 200 OK [dmvcframework]
2019-02-26 08:28:49:229  [TID 19396   ][INFO    ] PUT:/actions/147 -> uActionManController.TActionManController - 200 Action updated [dmvcframework]
2019-02-26 08:38:20:608  [TID 10928   ][INFO    ] PUT:/actions/119 -> uActionManController.TActionManController - 200 Action updated [dmvcframework]
2019-02-26 09:42:05:376  [TID 5992    ][INFO    ] PUT:/actions/90 -> uActionManController.TActionManController - 200 Action updated [dmvcframework]
2019-02-26 09:42:35:485  [TID 10296   ][INFO    ] POST:/actions -> uActionManController.TActionManController - 200 OK [dmvcframework]
2019-02-26 14:39:51:487  [TID 4852    ][INFO    ] PUT:/actions/239 -> uActionManController.TActionManController - 200 Action updated [dmvcframework]
2019-02-26 15:08:46:341  [TID 10596   ][INFO    ] PUT:/actions/257 -> uActionManController.TActionManController - 200 Action updated [dmvcframework]
2019-02-26 15:09:14:175  [TID 7816    ][INFO    ] GET:/actions -> uActionManController.TActionManController - 200 OK [dmvcframework]
2019-02-26 15:09:23:142  [TID 19204   ][INFO    ] PUT:/actions/239 -> uActionManController.TActionManController - 200 Action updated [dmvcframework]
2019-02-26 15:09:30:915  [TID 17880   ][INFO    ] PUT:/actions/240 -> uActionManController.TActionManController - 200 Action updated [dmvcframework]
2019-02-26 15:11:57:079  [TID 3812    ][INFO    ] PUT:/actions/276 -> uActionManController.TActionManController - 200 Action updated [dmvcframework]
2019-02-26 15:18:20:828  [TID 15268   ][INFO    ] PUT:/actions/257 -> uActionManController.TActionManController - 200 Action updated [dmvcframework]
2019-02-26 15:22:47:567  [TID 6932    ][INFO    ] Default Logger initialized [dmvcframework]
2019-02-26 15:22:47:567  [TID 6932    ][INFO    ] ENTER: Config default values [dmvcframework]
2019-02-26 15:22:47:567  [TID 6932    ][INFO    ] EXIT: Config default values [dmvcframework]
2019-02-26 15:22:47:568  [TID 6932    ][INFO    ] >> Custom configuration method [dmvcframework]
2019-02-26 15:22:47:568  [TID 6932    ][INFO    ] << Custom configuration method [dmvcframework]
2019-02-26 15:22:47:568  [TID 6932    ][INFO    ] ENTER: LoadSystemControllers [dmvcframework]
2019-02-26 15:22:47:568  [TID 6932    ][INFO    ] EXIT: LoadSystemControllers [dmvcframework]
2019-02-26 15:22:47:649  [TID 6932    ][INFO    ] GET:/actions -> uActionManController.TActionManController - 200 OK [dmvcframework]
2019-02-26 15:24:45:591  [TID 15596   ][INFO    ] PUT:/actions/257 -> uActionManController.TActionManController - 200 Action updated [dmvcframework]
2019-02-27 07:37:04:510  [TID 6648    ][INFO    ] Default Logger initialized [dmvcframework]
2019-02-27 07:37:04:510  [TID 6648    ][INFO    ] ENTER: Config default values [dmvcframework]
2019-02-27 07:37:04:510  [TID 6648    ][INFO    ] EXIT: Config default values [dmvcframework]
2019-02-27 07:37:04:510  [TID 6648    ][INFO    ] >> Custom configuration method [dmvcframework]
2019-02-27 07:37:04:510  [TID 6648    ][INFO    ] << Custom configuration method [dmvcframework]
2019-02-27 07:37:04:510  [TID 6648    ][INFO    ] ENTER: LoadSystemControllers [dmvcframework]
2019-02-27 07:37:04:510  [TID 6648    ][INFO    ] EXIT: LoadSystemControllers [dmvcframework]
2019-02-27 07:37:04:577  [TID 6648    ][INFO    ] GET:/actions -> uActionManController.TActionManController - 200 OK [dmvcframework]
2019-02-27 07:37:17:674  [TID 9688    ][INFO    ] PUT:/actions/119 -> uActionManController.TActionManController - 200 Action updated [dmvcframework]
2019-02-27 07:37:57:265  [TID 17548   ][INFO    ] PUT:/actions/308 -> uActionManController.TActionManController - 200 Action updated [dmvcframework]
2019-02-27 08:16:55:532  [TID 11576   ][INFO    ] PUT:/actions/257 -> uActionManController.TActionManController - 200 Action updated [dmvcframework]
2019-02-27 08:24:14:853  [TID 14712   ][INFO    ] GET:/actions -> uActionManController.TActionManController - 200 OK [dmvcframework]
2019-02-27 08:24:21:070  [TID 12184   ][INFO    ] PUT:/actions/147 -> uActionManController.TActionManController - 200 Action updated [dmvcframework]
2019-02-27 08:50:10:408  [TID 14188   ][INFO    ] PUT:/actions/257 -> uActionManController.TActionManController - 200 Action updated [dmvcframework]
2019-02-27 09:10:58:281  [TID 12548   ][INFO    ] GET:/actions -> uActionManController.TActionManController - 200 OK [dmvcframework]
2019-02-27 09:11:07:101  [TID 17964   ][INFO    ] PUT:/actions/119 -> uActionManController.TActionManController - 200 Action updated [dmvcframework]
2019-02-27 09:12:24:777  [TID 15884   ][INFO    ] PUT:/actions/308 -> uActionManController.TActionManController - 200 Action updated [dmvcframework]
2019-02-27 09:56:47:178  [TID 13004   ][INFO    ] PUT:/actions/80 -> uActionManController.TActionManController - 200 Action updated [dmvcframework]
2019-02-27 10:19:38:148  [TID 15052   ][INFO    ] PUT:/actions/257 -> uActionManController.TActionManController - 200 Action updated [dmvcframework]
2019-02-27 10:24:07:964  [TID 11876   ][INFO    ] GET:/actions -> uActionManController.TActionManController - 200 OK [dmvcframework]
2019-02-27 10:24:20:369  [TID 19036   ][INFO    ] PUT:/actions/240 -> uActionManController.TActionManController - 200 Action updated [dmvcframework]
2019-02-27 10:24:33:776  [TID 15636   ][INFO    ] PUT:/actions/274 -> uActionManController.TActionManController - 200 Action updated [dmvcframework]
2019-02-27 10:39:42:249  [TID 1076    ][INFO    ] PUT:/actions/269 -> uActionManController.TActionManController - 200 Action updated [dmvcframework]
2019-02-27 10:43:48:367  [TID 14020   ][INFO    ] PUT:/actions/257 -> uActionManController.TActionManController - 200 Action updated [dmvcframework]
2019-02-27 10:48:53:548  [TID 15636   ][INFO    ] GET:/actions -> uActionManController.TActionManController - 200 OK [dmvcframework]
2019-02-27 10:48:55:685  [TID 18712   ][INFO    ] PUT:/actions/240 -> uActionManController.TActionManController - 200 Action updated [dmvcframework]
2019-02-27 11:15:03:820  [TID 14820   ][INFO    ] PUT:/actions/240 -> uActionManController.TActionManController - 200 Action updated [dmvcframework]
2019-02-27 13:05:21:755  [TID 14612   ][INFO    ] PUT:/actions/78 -> uActionManController.TActionManController - 200 Action updated [dmvcframework]
2019-02-27 13:06:02:150  [TID 6624    ][INFO    ] PUT:/actions/112 -> uActionManController.TActionManController - 200 Action updated [dmvcframework]
2019-02-27 13:46:27:496  [TID 17452   ][INFO    ] PUT:/actions/138 -> uActionManController.TActionManController - 200 Action updated [dmvcframework]
2019-02-27 13:47:41:286  [TID 15672   ][INFO    ] PUT:/actions/212 -> uActionManController.TActionManController - 200 Action updated [dmvcframework]
2019-02-27 13:48:59:395  [TID 12080   ][INFO    ] PUT:/actions/143 -> uActionManController.TActionManController - 200 Action updated [dmvcframework]
2019-02-27 13:50:02:567  [TID 10784   ][INFO    ] PUT:/actions/145 -> uActionManController.TActionManController - 200 Action updated [dmvcframework]
2019-02-27 13:50:07:838  [TID 12872   ][INFO    ] PUT:/actions/145 -> uActionManController.TActionManController - 200 Action updated [dmvcframework]
2019-02-27 13:50:41:931  [TID 13792   ][INFO    ] PUT:/actions/144 -> uActionManController.TActionManController - 200 Action updated [dmvcframework]
2019-02-27 13:50:59:414  [TID 3452    ][INFO    ] PUT:/actions/143 -> uActionManController.TActionManController - 200 Action updated [dmvcframework]
2019-02-27 13:51:00:931  [TID 15852   ][INFO    ] PUT:/actions/143 -> uActionManController.TActionManController - 200 Action updated [dmvcframework]
2019-02-27 16:07:16:012  [TID 18892   ][INFO    ] PUT:/actions/257 -> uActionManController.TActionManController - 200 Action updated [dmvcframework]
2019-02-28 08:04:16:516  [TID 6868    ][INFO    ] Default Logger initialized [dmvcframework]
2019-02-28 08:04:16:516  [TID 6868    ][INFO    ] ENTER: Config default values [dmvcframework]
2019-02-28 08:04:16:516  [TID 6868    ][INFO    ] EXIT: Config default values [dmvcframework]
2019-02-28 08:04:16:516  [TID 6868    ][INFO    ] >> Custom configuration method [dmvcframework]
2019-02-28 08:04:16:516  [TID 6868    ][INFO    ] << Custom configuration method [dmvcframework]
2019-02-28 08:04:16:516  [TID 6868    ][INFO    ] ENTER: LoadSystemControllers [dmvcframework]
2019-02-28 08:04:16:516  [TID 6868    ][INFO    ] EXIT: LoadSystemControllers [dmvcframework]
2019-02-28 08:04:16:579  [TID 6868    ][INFO    ] GET:/actions -> uActionManController.TActionManController - 200 OK [dmvcframework]
2019-02-28 08:04:27:030  [TID 18424   ][INFO    ] PUT:/actions/119 -> uActionManController.TActionManController - 200 Action updated [dmvcframework]
2019-02-28 08:11:45:607  [TID 13100   ][INFO    ] PUT:/actions/147 -> uActionManController.TActionManController - 200 Action updated [dmvcframework]
2019-02-28 08:16:07:529  [TID 1264    ][INFO    ] PUT:/actions/257 -> uActionManController.TActionManController - 200 Action updated [dmvcframework]
2019-03-01 07:33:17:354  [TID 7044    ][INFO    ] Default Logger initialized [dmvcframework]
2019-03-01 07:33:17:354  [TID 7044    ][INFO    ] ENTER: Config default values [dmvcframework]
2019-03-01 07:33:17:354  [TID 7044    ][INFO    ] EXIT: Config default values [dmvcframework]
2019-03-01 07:33:17:354  [TID 7044    ][INFO    ] >> Custom configuration method [dmvcframework]
2019-03-01 07:33:17:354  [TID 7044    ][INFO    ] << Custom configuration method [dmvcframework]
2019-03-01 07:33:17:354  [TID 7044    ][INFO    ] ENTER: LoadSystemControllers [dmvcframework]
2019-03-01 07:33:17:354  [TID 7044    ][INFO    ] EXIT: LoadSystemControllers [dmvcframework]
2019-03-01 07:33:17:436  [TID 7044    ][INFO    ] GET:/actions -> uActionManController.TActionManController - 200 OK [dmvcframework]
2019-03-01 07:34:04:333  [TID 14040   ][INFO    ] PUT:/actions/119 -> uActionManController.TActionManController - 200 Action updated [dmvcframework]
2019-03-01 07:50:46:588  [TID 13084   ][INFO    ] PUT:/actions/147 -> uActionManController.TActionManController - 200 Action updated [dmvcframework]
2019-03-01 07:59:27:335  [TID 11676   ][INFO    ] PUT:/actions/120 -> uActionManController.TActionManController - 200 Action updated [dmvcframework]
2019-03-01 07:59:31:620  [TID 17824   ][INFO    ] PUT:/actions/136 -> uActionManController.TActionManController - 200 Action updated [dmvcframework]
2019-03-01 08:40:08:860  [TID 11420   ][INFO    ] PUT:/actions/182 -> uActionManController.TActionManController - 200 Action updated [dmvcframework]
2019-03-01 08:53:08:763  [TID 3740    ][INFO    ] PUT:/actions/78 -> uActionManController.TActionManController - 200 Action updated [dmvcframework]
2019-03-01 09:14:12:837  [TID 15828   ][INFO    ] PUT:/actions/314 -> uActionManController.TActionManController - 200 Action updated [dmvcframework]
2019-03-01 09:30:15:699  [TID 13644   ][INFO    ] PUT:/actions/271 -> uActionManController.TActionManController - 200 Action updated [dmvcframework]
2019-03-01 10:28:34:788  [TID 7072    ][INFO    ] PUT:/actions/240 -> uActionManController.TActionManController - 200 Action updated [dmvcframework]
2019-03-01 11:38:50:303  [TID 14932   ][INFO    ] PUT:/actions/78 -> uActionManController.TActionManController - 200 Action updated [dmvcframework]
2019-03-01 11:39:20:579  [TID 11244   ][INFO    ] PUT:/actions/257 -> uActionManController.TActionManController - 200 Action updated [dmvcframework]
2019-03-01 11:43:32:630  [TID 7764    ][INFO    ] GET:/actions -> uActionManController.TActionManController - 200 OK [dmvcframework]
2019-03-01 11:46:55:268  [TID 13476   ][INFO    ] PUT:/actions/276 -> uActionManController.TActionManController - 200 Action updated [dmvcframework]
2019-03-01 11:48:14:879  [TID 17452   ][INFO    ] PUT:/actions/240 -> uActionManController.TActionManController - 200 Action updated [dmvcframework]
2019-03-01 12:06:07:873  [TID 8664    ][INFO    ] POST:/actions -> uActionManController.TActionManController - 200 OK [dmvcframework]
2019-03-01 13:13:25:971  [TID 15832   ][INFO    ] PUT:/actions/271 -> uActionManController.TActionManController - 200 Action updated [dmvcframework]
2019-03-01 14:21:39:288  [TID 3364    ][INFO    ] PUT:/actions/240 -> uActionManController.TActionManController - 200 Action updated [dmvcframework]
2019-03-01 14:23:02:688  [TID 3644    ][INFO    ] PUT:/actions/240 -> uActionManController.TActionManController - 200 Action updated [dmvcframework]
2019-03-01 14:31:35:487  [TID 12328   ][INFO    ] PUT:/actions/137 -> uActionManController.TActionManController - 200 Action updated [dmvcframework]
2019-03-01 14:32:08:613  [TID 13096   ][INFO    ] PUT:/actions/141 -> uActionManController.TActionManController - 200 Action updated [dmvcframework]
2019-03-01 16:31:13:947  [TID 19608   ][INFO    ] PUT:/actions/257 -> uActionManController.TActionManController - 200 Action updated [dmvcframework]
2019-03-04 07:14:16:182  [TID 6364    ][INFO    ] Default Logger initialized [dmvcframework]
2019-03-04 07:14:16:182  [TID 6364    ][INFO    ] ENTER: Config default values [dmvcframework]
2019-03-04 07:14:16:182  [TID 6364    ][INFO    ] EXIT: Config default values [dmvcframework]
2019-03-04 07:14:16:182  [TID 6364    ][INFO    ] >> Custom configuration method [dmvcframework]
2019-03-04 07:14:16:182  [TID 6364    ][INFO    ] << Custom configuration method [dmvcframework]
2019-03-04 07:14:16:182  [TID 6364    ][INFO    ] ENTER: LoadSystemControllers [dmvcframework]
2019-03-04 07:14:16:182  [TID 6364    ][INFO    ] EXIT: LoadSystemControllers [dmvcframework]
2019-03-04 07:14:16:266  [TID 6364    ][INFO    ] GET:/actions -> uActionManController.TActionManController - 200 OK [dmvcframework]
2019-03-04 07:23:29:701  [TID 14748   ][INFO    ] PUT:/actions/147 -> uActionManController.TActionManController - 200 Action updated [dmvcframework]
2019-03-04 07:25:59:736  [TID 18104   ][INFO    ] PUT:/actions/119 -> uActionManController.TActionManController - 200 Action updated [dmvcframework]
2019-03-04 08:47:54:490  [TID 2068    ][INFO    ] PUT:/actions/257 -> uActionManController.TActionManController - 200 Action updated [dmvcframework]
2019-03-04 12:32:56:318  [TID 6968    ][INFO    ] Default Logger initialized [dmvcframework]
2019-03-04 12:32:56:318  [TID 6968    ][INFO    ] ENTER: Config default values [dmvcframework]
2019-03-04 12:32:56:318  [TID 6968    ][INFO    ] EXIT: Config default values [dmvcframework]
2019-03-04 12:32:56:318  [TID 6968    ][INFO    ] >> Custom configuration method [dmvcframework]
2019-03-04 12:32:56:318  [TID 6968    ][INFO    ] << Custom configuration method [dmvcframework]
2019-03-04 12:32:56:318  [TID 6968    ][INFO    ] ENTER: LoadSystemControllers [dmvcframework]
2019-03-04 12:32:56:318  [TID 6968    ][INFO    ] EXIT: LoadSystemControllers [dmvcframework]
2019-03-04 12:32:56:381  [TID 6968    ][INFO    ] GET:/actions -> uActionManController.TActionManController - 200 OK [dmvcframework]
2019-03-04 12:33:50:922  [TID 1632    ][INFO    ] PUT:/actions/271 -> uActionManController.TActionManController - 200 Action updated [dmvcframework]
2019-03-04 12:59:38:995  [TID 11856   ][INFO    ] PUT:/actions/276 -> uActionManController.TActionManController - 200 Action updated [dmvcframework]
2019-03-04 13:16:04:859  [TID 17632   ][INFO    ] PUT:/actions/257 -> uActionManController.TActionManController - 200 Action updated [dmvcframework]
2019-03-05 07:19:03:476  [TID 6688    ][INFO    ] Default Logger initialized [dmvcframework]
2019-03-05 07:19:03:476  [TID 6688    ][INFO    ] ENTER: Config default values [dmvcframework]
2019-03-05 07:19:03:476  [TID 6688    ][INFO    ] EXIT: Config default values [dmvcframework]
2019-03-05 07:19:03:476  [TID 6688    ][INFO    ] >> Custom configuration method [dmvcframework]
2019-03-05 07:19:03:476  [TID 6688    ][INFO    ] << Custom configuration method [dmvcframework]
2019-03-05 07:19:03:477  [TID 6688    ][INFO    ] ENTER: LoadSystemControllers [dmvcframework]
2019-03-05 07:19:03:477  [TID 6688    ][INFO    ] EXIT: LoadSystemControllers [dmvcframework]
2019-03-05 07:19:03:565  [TID 6688    ][INFO    ] GET:/actions -> uActionManController.TActionManController - 200 OK [dmvcframework]
2019-03-05 07:19:07:127  [TID 10772   ][INFO    ] PUT:/actions/239 -> uActionManController.TActionManController - 200 Action updated [dmvcframework]
2019-03-05 07:23:46:499  [TID 11320   ][INFO    ] PUT:/actions/147 -> uActionManController.TActionManController - 200 Action updated [dmvcframework]
2019-03-05 07:25:23:310  [TID 8316    ][INFO    ] PUT:/actions/119 -> uActionManController.TActionManController - 200 Action updated [dmvcframework]
2019-03-05 07:43:18:202  [TID 4280    ][INFO    ] PUT:/actions/171 -> uActionManController.TActionManController - 200 Action updated [dmvcframework]
2019-03-05 07:45:25:673  [TID 20128   ][INFO    ] PUT:/actions/171 -> uActionManController.TActionManController - 200 Action updated [dmvcframework]
2019-03-05 07:53:49:354  [TID 7304    ][INFO    ] PUT:/actions/257 -> uActionManController.TActionManController - 200 Action updated [dmvcframework]
2019-03-05 07:58:51:976  [TID 16240   ][INFO    ] GET:/actions -> uActionManController.TActionManController - 200 OK [dmvcframework]
2019-03-05 07:59:05:233  [TID 15540   ][INFO    ] PUT:/actions/239 -> uActionManController.TActionManController - 200 Action updated [dmvcframework]
2019-03-05 08:02:13:886  [TID 8220    ][INFO    ] PUT:/actions/257 -> uActionManController.TActionManController - 200 Action updated [dmvcframework]
2019-03-05 08:02:47:610  [TID 1232    ][INFO    ] GET:/actions -> uActionManController.TActionManController - 200 OK [dmvcframework]
2019-03-05 08:02:59:784  [TID 7404    ][INFO    ] PUT:/actions/308 -> uActionManController.TActionManController - 200 Action updated [dmvcframework]
2019-03-05 08:07:15:620  [TID 14000   ][INFO    ] PUT:/actions/78 -> uActionManController.TActionManController - 200 Action updated [dmvcframework]
2019-03-05 08:16:23:222  [TID 19332   ][INFO    ] PUT:/actions/257 -> uActionManController.TActionManController - 200 Action updated [dmvcframework]
2019-03-05 08:41:33:956  [TID 13548   ][INFO    ] GET:/actions -> uActionManController.TActionManController - 200 OK [dmvcframework]
2019-03-05 08:41:49:216  [TID 11776   ][INFO    ] PUT:/actions/271 -> uActionManController.TActionManController - 200 Action updated [dmvcframework]
2019-03-05 09:49:17:426  [TID 7260    ][INFO    ] PUT:/actions/276 -> uActionManController.TActionManController - 200 Action updated [dmvcframework]
2019-03-05 10:55:42:096  [TID 13732   ][INFO    ] PUT:/actions/137 -> uActionManController.TActionManController - 200 Action updated [dmvcframework]
2019-03-05 11:16:10:232  [TID 2268    ][INFO    ] PUT:/actions/257 -> uActionManController.TActionManController - 200 Action updated [dmvcframework]
2019-03-05 16:46:55:969  [TID 13616   ][INFO    ] GET:/actions -> uActionManController.TActionManController - 200 OK [dmvcframework]
2019-03-05 16:47:04:738  [TID 12352   ][INFO    ] PUT:/actions/239 -> uActionManController.TActionManController - 200 Action updated [dmvcframework]
2019-03-05 16:47:19:767  [TID 8852    ][INFO    ] PUT:/actions/257 -> uActionManController.TActionManController - 200 Action updated [dmvcframework]
2019-03-05 22:30:30:995  [TID 6880    ][INFO    ] Default Logger initialized [dmvcframework]
2019-03-05 22:30:30:995  [TID 6880    ][INFO    ] ENTER: Config default values [dmvcframework]
2019-03-05 22:30:30:995  [TID 6880    ][INFO    ] EXIT: Config default values [dmvcframework]
2019-03-05 22:30:30:995  [TID 6880    ][INFO    ] >> Custom configuration method [dmvcframework]
2019-03-05 22:30:30:995  [TID 6880    ][INFO    ] << Custom configuration method [dmvcframework]
2019-03-05 22:30:30:995  [TID 6880    ][INFO    ] ENTER: LoadSystemControllers [dmvcframework]
2019-03-05 22:30:30:995  [TID 6880    ][INFO    ] EXIT: LoadSystemControllers [dmvcframework]
2019-03-05 22:30:31:062  [TID 6880    ][INFO    ] GET:/actions -> uActionManController.TActionManController - 200 OK [dmvcframework]
2019-03-05 22:32:12:804  [TID 14596   ][INFO    ] PUT:/actions/275 -> uActionManController.TActionManController - 200 Action updated [dmvcframework]
2019-03-05 22:32:51:036  [TID 6064    ][INFO    ] PUT:/actions/276 -> uActionManController.TActionManController - 200 Action updated [dmvcframework]
2019-03-05 22:42:49:910  [TID 15512   ][INFO    ] PUT:/actions/240 -> uActionManController.TActionManController - 200 Action updated [dmvcframework]
2019-03-05 22:54:56:822  [TID 2024    ][INFO    ] PUT:/actions/271 -> uActionManController.TActionManController - 200 Action updated [dmvcframework]
2019-03-05 22:58:45:001  [TID 15480   ][INFO    ] PUT:/actions/257 -> uActionManController.TActionManController - 200 Action updated [dmvcframework]
2019-03-06 07:15:30:994  [TID 1480    ][INFO    ] GET:/actions -> uActionManController.TActionManController - 200 OK [dmvcframework]
2019-03-06 07:15:58:947  [TID 15764   ][INFO    ] PUT:/actions/274 -> uActionManController.TActionManController - 200 Action updated [dmvcframework]
2019-03-06 07:21:49:666  [TID 10012   ][INFO    ] PUT:/actions/257 -> uActionManController.TActionManController - 200 Action updated [dmvcframework]
2019-03-06 07:27:09:911  [TID 7968    ][INFO    ] GET:/actions -> uActionManController.TActionManController - 200 OK [dmvcframework]
2019-03-06 07:27:21:932  [TID 7908    ][INFO    ] PUT:/actions/119 -> uActionManController.TActionManController - 200 Action updated [dmvcframework]
2019-03-06 07:28:59:109  [TID 16712   ][INFO    ] PUT:/actions/257 -> uActionManController.TActionManController - 200 Action updated [dmvcframework]
2019-03-06 08:46:47:059  [TID 6740    ][INFO    ] Default Logger initialized [dmvcframework]
2019-03-06 08:46:47:059  [TID 6740    ][INFO    ] ENTER: Config default values [dmvcframework]
2019-03-06 08:46:47:059  [TID 6740    ][INFO    ] EXIT: Config default values [dmvcframework]
2019-03-06 08:46:47:059  [TID 6740    ][INFO    ] >> Custom configuration method [dmvcframework]
2019-03-06 08:46:47:059  [TID 6740    ][INFO    ] << Custom configuration method [dmvcframework]
2019-03-06 08:46:47:059  [TID 6740    ][INFO    ] ENTER: LoadSystemControllers [dmvcframework]
2019-03-06 08:46:47:059  [TID 6740    ][INFO    ] EXIT: LoadSystemControllers [dmvcframework]
2019-03-06 08:46:47:122  [TID 6740    ][INFO    ] GET:/actions -> uActionManController.TActionManController - 200 OK [dmvcframework]
2019-03-06 08:46:59:131  [TID 19292   ][INFO    ] PUT:/actions/80 -> uActionManController.TActionManController - 200 Action updated [dmvcframework]
2019-03-06 08:50:37:148  [TID 12248   ][INFO    ] PUT:/actions/80 -> uActionManController.TActionManController - 200 Action updated [dmvcframework]
2019-03-06 08:51:46:594  [TID 19252   ][INFO    ] PUT:/actions/80 -> uActionManController.TActionManController - 200 Action updated [dmvcframework]
2019-03-06 08:52:58:245  [TID 17556   ][INFO    ] PUT:/actions/119 -> uActionManController.TActionManController - 200 Action updated [dmvcframework]
2019-03-06 08:55:48:841  [TID 19108   ][INFO    ] PUT:/actions/257 -> uActionManController.TActionManController - 200 Action updated [dmvcframework]
2019-03-07 07:54:10:388  [TID 7012    ][INFO    ] Default Logger initialized [dmvcframework]
2019-03-07 07:54:10:388  [TID 7012    ][INFO    ] ENTER: Config default values [dmvcframework]
2019-03-07 07:54:10:388  [TID 7012    ][INFO    ] EXIT: Config default values [dmvcframework]
2019-03-07 07:54:10:388  [TID 7012    ][INFO    ] >> Custom configuration method [dmvcframework]
2019-03-07 07:54:10:388  [TID 7012    ][INFO    ] << Custom configuration method [dmvcframework]
2019-03-07 07:54:10:388  [TID 7012    ][INFO    ] ENTER: LoadSystemControllers [dmvcframework]
2019-03-07 07:54:10:388  [TID 7012    ][INFO    ] EXIT: LoadSystemControllers [dmvcframework]
2019-03-07 07:54:10:457  [TID 7012    ][INFO    ] GET:/actions -> uActionManController.TActionManController - 200 OK [dmvcframework]
2019-03-07 07:54:31:854  [TID 15332   ][INFO    ] PUT:/actions/239 -> uActionManController.TActionManController - 200 Action updated [dmvcframework]
2019-03-07 08:09:57:088  [TID 12564   ][INFO    ] PUT:/actions/239 -> uActionManController.TActionManController - 200 Action updated [dmvcframework]
2019-03-07 08:09:57:111  [TID 13092   ][INFO    ] PUT:/actions/257 -> uActionManController.TActionManController - 200 Action updated [dmvcframework]
2019-03-07 15:36:38:757  [TID 6872    ][INFO    ] Default Logger initialized [dmvcframework]
2019-03-07 15:36:38:757  [TID 6872    ][INFO    ] ENTER: Config default values [dmvcframework]
2019-03-07 15:36:38:757  [TID 6872    ][INFO    ] EXIT: Config default values [dmvcframework]
2019-03-07 15:36:38:757  [TID 6872    ][INFO    ] >> Custom configuration method [dmvcframework]
2019-03-07 15:36:38:757  [TID 6872    ][INFO    ] << Custom configuration method [dmvcframework]
2019-03-07 15:36:38:757  [TID 6872    ][INFO    ] ENTER: LoadSystemControllers [dmvcframework]
2019-03-07 15:36:38:757  [TID 6872    ][INFO    ] EXIT: LoadSystemControllers [dmvcframework]
2019-03-07 15:36:38:820  [TID 6872    ][INFO    ] GET:/actions -> uActionManController.TActionManController - 200 OK [dmvcframework]
2019-03-07 15:36:52:834  [TID 9180    ][INFO    ] PUT:/actions/21 -> uActionManController.TActionManController - 200 Action updated [dmvcframework]
2019-03-07 17:52:21:419  [TID 11688   ][INFO    ] PUT:/actions/257 -> uActionManController.TActionManController - 200 Action updated [dmvcframework]
