2018-04-12 20:00:27:255  [TID 5448    ][INFO    ] Default Logger initialized [dmvcframework]
2018-04-12 20:00:27:255  [TID 5448    ][INFO    ] Server started on port 54711 [dmvcframework]
2018-04-12 20:00:43:424  [TID 236     ][INFO    ] ENTER: Config default values [dmvcframework]
2018-04-12 20:00:43:424  [TID 236     ][INFO    ] EXIT: Config default values [dmvcframework]
2018-04-12 20:00:43:424  [TID 236     ][INFO    ] >> Custom configuration method [dmvcframework]
2018-04-12 20:00:43:424  [TID 236     ][INFO    ] << Custom configuration method [dmvcframework]
2018-04-12 20:00:43:424  [TID 236     ][INFO    ] ENTER: LoadSystemControllers [dmvcframework]
2018-04-12 20:00:43:424  [TID 236     ][INFO    ] EXIT: LoadSystemControllers [dmvcframework]
2018-04-12 20:00:43:424  [TID 236     ][INFO    ] GET:/ -> uActionManController.TActionManController - 200 OK [dmvcframework]
2018-04-12 20:01:31:655  [TID 2408    ][INFO    ] GET:/ -> uActionManController.TActionManController - 200 OK [dmvcframework]
2018-04-12 20:01:31:827  [TID 7732    ][INFO    ] GET:/favicon.ico -> NO ACTION  - 404 Not Found [dmvcframework]
2018-04-12 20:07:01:753  [TID 1016    ][INFO    ] Default Logger initialized [dmvcframework]
2018-04-12 20:07:01:753  [TID 1016    ][INFO    ] Server started on port 54711 [dmvcframework]
2018-04-12 20:07:45:971  [TID 1600    ][INFO    ] ENTER: Config default values [dmvcframework]
2018-04-12 20:07:45:971  [TID 1600    ][INFO    ] EXIT: Config default values [dmvcframework]
2018-04-12 20:07:45:971  [TID 1600    ][INFO    ] >> Custom configuration method [dmvcframework]
2018-04-12 20:07:45:971  [TID 1600    ][INFO    ] << Custom configuration method [dmvcframework]
2018-04-12 20:07:45:971  [TID 1600    ][INFO    ] ENTER: LoadSystemControllers [dmvcframework]
2018-04-12 20:07:45:971  [TID 1600    ][INFO    ] EXIT: LoadSystemControllers [dmvcframework]
2018-04-12 20:07:46:082  [TID 1600    ][INFO    ] GET:/actions -> uActionManController.TActionManController - 200 OK [dmvcframework]
2018-04-12 20:08:48:816  [TID 6560    ][INFO    ] GET:/action -> NO ACTION  - 404 Not Found [dmvcframework]
2018-04-12 20:08:53:019  [TID 7596    ][INFO    ] GET:/actions -> uActionManController.TActionManController - 200 OK [dmvcframework]
2018-04-12 20:09:07:847  [TID 1984    ][ERROR   ] [EConvertError] 'Buna' ist kein gültiger Integerwert (Custom message: "Global Action Exception Handler") [dmvcframework]
2018-04-12 20:09:07:878  [TID 1984    ][INFO    ] GET:/actions/Buna -> uActionManController.TActionManController - 500  [dmvcframework]
2018-04-12 20:09:22:629  [TID 7348    ][INFO    ] GET:/actions/search/Buna -> uActionManController.TActionManController - 200 OK [dmvcframework]
2018-04-12 20:13:12:441  [TID 5664    ][INFO    ] GET:/actions/search/Buna -> uActionManController.TActionManController - 200 OK [dmvcframework]
2018-04-12 20:14:14:301  [TID 7292    ][INFO    ] GET:/actions/33 -> uActionManController.TActionManController - 200 OK [dmvcframework]
2018-04-12 20:14:37:519  [TID 5016    ][INFO    ] DELETE:/actions/33 -> uActionManController.TActionManController - 200 Action deleted [dmvcframework]
2018-04-12 20:14:53:112  [TID 4036    ][INFO    ] GET:/actions/33 -> uActionManController.TActionManController - 200 OK [dmvcframework]
2018-04-13 08:56:33:991  [TID 117304  ][INFO    ] Default Logger initialized [dmvcframework]
2018-04-13 08:56:33:991  [TID 117304  ][INFO    ] Server started on port 54711 [dmvcframework]
2018-04-13 08:57:17:168  [TID 116596  ][INFO    ] ENTER: Config default values [dmvcframework]
2018-04-13 08:57:17:168  [TID 116596  ][INFO    ] EXIT: Config default values [dmvcframework]
2018-04-13 08:57:17:168  [TID 116596  ][INFO    ] >> Custom configuration method [dmvcframework]
2018-04-13 08:57:17:168  [TID 116596  ][INFO    ] << Custom configuration method [dmvcframework]
2018-04-13 08:57:17:168  [TID 116596  ][INFO    ] ENTER: LoadSystemControllers [dmvcframework]
2018-04-13 08:57:17:168  [TID 116596  ][INFO    ] EXIT: LoadSystemControllers [dmvcframework]
2018-04-13 08:57:17:170  [TID 116596  ][INFO    ] GET:/ -> uActionManController.TActionManController - 200 OK [dmvcframework]
2018-04-13 08:57:17:282  [TID 117100  ][INFO    ] GET:/favicon.ico -> NO ACTION  - 404 Not Found [dmvcframework]
2018-04-13 08:59:59:956  [TID 73396   ][INFO    ] GET:/ -> uActionManController.TActionManController - 200 OK [dmvcframework]
2018-04-13 09:00:39:652  [TID 123624  ][ERROR   ] [ESQLiteNativeException] [FireDAC][Phys][SQLite] ERROR: unable to open database file (Custom message: "Global Action Exception Handler") [dmvcframework]
2018-04-13 09:00:39:662  [TID 123624  ][INFO    ] GET:/actions -> uActionManController.TActionManController - 500  [dmvcframework]
2018-04-13 09:01:39:254  [TID 129308  ][INFO    ] Default Logger initialized [dmvcframework]
2018-04-13 09:01:39:254  [TID 129308  ][INFO    ] Server started on port 54711 [dmvcframework]
2018-04-13 09:06:25:228  [TID 136968  ][INFO    ] Default Logger initialized [dmvcframework]
2018-04-13 09:06:25:228  [TID 136968  ][INFO    ] Server started on port 54711 [dmvcframework]
2018-04-13 09:06:44:678  [TID 130924  ][INFO    ] ENTER: Config default values [dmvcframework]
2018-04-13 09:06:44:678  [TID 130924  ][INFO    ] EXIT: Config default values [dmvcframework]
2018-04-13 09:06:44:678  [TID 130924  ][INFO    ] >> Custom configuration method [dmvcframework]
2018-04-13 09:06:44:678  [TID 130924  ][INFO    ] << Custom configuration method [dmvcframework]
2018-04-13 09:06:44:678  [TID 130924  ][INFO    ] ENTER: LoadSystemControllers [dmvcframework]
2018-04-13 09:06:44:678  [TID 130924  ][INFO    ] EXIT: LoadSystemControllers [dmvcframework]
2018-04-13 09:06:53:541  [TID 130924  ][INFO    ] GET:/actions -> uActionManController.TActionManController - 200 OK [dmvcframework]
2018-04-13 09:07:08:886  [TID 128080  ][INFO    ] GET:/actions -> uActionManController.TActionManController - 200 OK [dmvcframework]
2018-04-13 09:07:22:316  [TID 132648  ][INFO    ] GET:/actions -> uActionManController.TActionManController - 200 OK [dmvcframework]
2018-04-13 09:07:24:494  [TID 112828  ][INFO    ] GET:/actions -> uActionManController.TActionManController - 200 OK [dmvcframework]
2018-04-13 09:07:36:335  [TID 138328  ][INFO    ] GET:/ -> uActionManController.TActionManController - 200 OK [dmvcframework]
2018-04-13 09:07:39:804  [TID 133708  ][INFO    ] GET:/actions -> uActionManController.TActionManController - 200 OK [dmvcframework]
2018-04-13 10:28:27:757  [TID 58184   ][INFO    ] Default Logger initialized [dmvcframework]
2018-04-13 10:28:27:757  [TID 58184   ][INFO    ] Server started on port 54711 [dmvcframework]
2018-04-13 10:28:42:991  [TID 60656   ][INFO    ] ENTER: Config default values [dmvcframework]
2018-04-13 10:28:42:991  [TID 60656   ][INFO    ] EXIT: Config default values [dmvcframework]
2018-04-13 10:28:42:991  [TID 60656   ][INFO    ] >> Custom configuration method [dmvcframework]
2018-04-13 10:28:42:991  [TID 60656   ][INFO    ] << Custom configuration method [dmvcframework]
2018-04-13 10:28:42:991  [TID 60656   ][INFO    ] ENTER: LoadSystemControllers [dmvcframework]
2018-04-13 10:28:42:991  [TID 60656   ][INFO    ] EXIT: LoadSystemControllers [dmvcframework]
2018-04-13 10:28:42:994  [TID 60656   ][INFO    ] GET:/ -> uActionManController.TActionManController - 200 OK [dmvcframework]
2018-04-13 10:28:52:204  [TID 70872   ][INFO    ] GET:/actions -> uActionManController.TActionManController - 200 OK [dmvcframework]
2018-04-13 10:30:46:442  [TID 78804   ][INFO    ] Default Logger initialized [dmvcframework]
2018-04-13 10:30:46:442  [TID 78804   ][INFO    ] Server started on port 54711 [dmvcframework]
2018-04-13 10:30:49:740  [TID 77684   ][INFO    ] ENTER: Config default values [dmvcframework]
2018-04-13 10:30:49:740  [TID 77684   ][INFO    ] EXIT: Config default values [dmvcframework]
2018-04-13 10:30:49:740  [TID 77684   ][INFO    ] >> Custom configuration method [dmvcframework]
2018-04-13 10:30:49:740  [TID 77684   ][INFO    ] << Custom configuration method [dmvcframework]
2018-04-13 10:30:49:740  [TID 77684   ][INFO    ] ENTER: LoadSystemControllers [dmvcframework]
2018-04-13 10:30:49:740  [TID 77684   ][INFO    ] EXIT: LoadSystemControllers [dmvcframework]
2018-04-13 10:30:49:780  [TID 77684   ][INFO    ] GET:/actions -> uActionManController.TActionManController - 200 OK [dmvcframework]
2018-04-13 10:30:51:557  [TID 79992   ][INFO    ] GET:/actions -> uActionManController.TActionManController - 200 OK [dmvcframework]
2018-04-13 10:30:52:431  [TID 79888   ][INFO    ] GET:/actions -> uActionManController.TActionManController - 200 OK [dmvcframework]
2018-04-13 10:30:52:854  [TID 81720   ][INFO    ] GET:/actions -> uActionManController.TActionManController - 200 OK [dmvcframework]
2018-04-13 10:30:53:224  [TID 76244   ][INFO    ] GET:/actions -> uActionManController.TActionManController - 200 OK [dmvcframework]
2018-04-13 10:30:53:525  [TID 79420   ][INFO    ] GET:/actions -> uActionManController.TActionManController - 200 OK [dmvcframework]
2018-04-13 10:30:53:937  [TID 80492   ][INFO    ] GET:/actions -> uActionManController.TActionManController - 200 OK [dmvcframework]
2018-04-13 10:31:09:314  [TID 79104   ][INFO    ] GET:/ -> uActionManController.TActionManController - 200 OK [dmvcframework]
2018-04-13 13:17:40:904  [TID 10704   ][INFO    ] Default Logger initialized [dmvcframework]
2018-04-13 13:17:40:904  [TID 10704   ][INFO    ] Server started on port 54711 [dmvcframework]
2018-04-13 13:18:11:696  [TID 15788   ][INFO    ] ENTER: Config default values [dmvcframework]
2018-04-13 13:18:11:696  [TID 15788   ][INFO    ] EXIT: Config default values [dmvcframework]
2018-04-13 13:18:11:696  [TID 15788   ][INFO    ] >> Custom configuration method [dmvcframework]
2018-04-13 13:18:11:696  [TID 15788   ][INFO    ] << Custom configuration method [dmvcframework]
2018-04-13 13:18:11:696  [TID 15788   ][INFO    ] ENTER: LoadSystemControllers [dmvcframework]
2018-04-13 13:18:11:696  [TID 15788   ][INFO    ] EXIT: LoadSystemControllers [dmvcframework]
2018-04-13 13:18:11:698  [TID 15788   ][INFO    ] GET:/ -> uActionManController.TActionManController - 200 OK [dmvcframework]
2018-04-13 13:18:11:729  [TID 18148   ][INFO    ] GET:/favicon.ico -> NO ACTION  - 404 Not Found [dmvcframework]
2018-04-13 13:18:24:518  [TID 17932   ][INFO    ] GET:/actions -> uActionManController.TActionManController - 200 OK [dmvcframework]
2018-04-13 14:08:18:896  [TID 18144   ][INFO    ] Default Logger initialized [dmvcframework]
2018-04-13 14:08:18:896  [TID 18144   ][INFO    ] Server started on port 54711 [dmvcframework]
2018-04-13 14:08:29:906  [TID 17904   ][INFO    ] Default Logger initialized [dmvcframework]
2018-04-13 14:08:29:906  [TID 17904   ][INFO    ] Server started on port 54711 [dmvcframework]
2018-04-13 14:08:37:086  [TID 1296    ][INFO    ] ENTER: Config default values [dmvcframework]
2018-04-13 14:08:37:086  [TID 1296    ][INFO    ] EXIT: Config default values [dmvcframework]
2018-04-13 14:08:37:086  [TID 1296    ][INFO    ] >> Custom configuration method [dmvcframework]
2018-04-13 14:08:37:086  [TID 1296    ][INFO    ] << Custom configuration method [dmvcframework]
2018-04-13 14:08:37:086  [TID 1296    ][INFO    ] ENTER: LoadSystemControllers [dmvcframework]
2018-04-13 14:08:37:086  [TID 1296    ][INFO    ] EXIT: LoadSystemControllers [dmvcframework]
2018-04-13 14:08:37:089  [TID 1296    ][INFO    ] GET:/ -> uActionManController.TActionManController - 200 OK [dmvcframework]
2018-04-13 14:08:43:160  [TID 4664    ][INFO    ] GET:/actions -> uActionManController.TActionManController - 200 OK [dmvcframework]
