2018-04-12 20:07:46:082  [TID 1600    ][INFO    ] Getting Actionlist [ACTIONMAN_SERVER]
2018-04-12 20:08:53:019  [TID 7596    ][INFO    ] Getting Actionlist [ACTIONMAN_SERVER]
2018-04-12 20:09:22:629  [TID 7348    ][INFO    ] Find Actions [ACTIONMAN_SERVER]
2018-04-12 20:13:12:441  [TID 5664    ][INFO    ] Find Actions [ACTIONMAN_SERVER]
2018-04-12 20:14:37:519  [TID 5016    ][INFO    ] Action deleted [ACTIONMAN_SERVER]
2018-04-13 09:06:53:540  [TID 130924  ][INFO    ] Getting Actionlist [ACTIONMAN_SERVER]
2018-04-13 09:07:08:886  [TID 128080  ][INFO    ] Getting Actionlist [ACTIONMAN_SERVER]
2018-04-13 09:07:22:316  [TID 132648  ][INFO    ] Getting Actionlist [ACTIONMAN_SERVER]
2018-04-13 09:07:24:493  [TID 112828  ][INFO    ] Getting Actionlist [ACTIONMAN_SERVER]
2018-04-13 09:07:39:803  [TID 133708  ][INFO    ] Getting Actionlist [ACTIONMAN_SERVER]
2018-04-13 10:28:52:203  [TID 70872   ][INFO    ] Getting Actionlist [ACTIONMAN_SERVER]
2018-04-13 10:30:49:780  [TID 77684   ][INFO    ] Getting Actionlist [ACTIONMAN_SERVER]
2018-04-13 10:30:51:557  [TID 79992   ][INFO    ] Getting Actionlist [ACTIONMAN_SERVER]
2018-04-13 10:30:52:431  [TID 79888   ][INFO    ] Getting Actionlist [ACTIONMAN_SERVER]
2018-04-13 10:30:52:854  [TID 81720   ][INFO    ] Getting Actionlist [ACTIONMAN_SERVER]
2018-04-13 10:30:53:224  [TID 76244   ][INFO    ] Getting Actionlist [ACTIONMAN_SERVER]
2018-04-13 10:30:53:524  [TID 79420   ][INFO    ] Getting Actionlist [ACTIONMAN_SERVER]
2018-04-13 10:30:53:936  [TID 80492   ][INFO    ] Getting Actionlist [ACTIONMAN_SERVER]
2018-04-13 13:18:24:517  [TID 17932   ][INFO    ] Getting Actionlist [ACTIONMAN_SERVER]
2018-04-13 14:08:43:159  [TID 4664    ][INFO    ] Getting Actionlist [ACTIONMAN_SERVER]
2018-07-23 07:46:56:919  [TID 2864    ][INFO    ] Getting Actionlist [ACTIONMAN_SERVER]
2018-07-23 10:41:37:422  [TID 17568   ][INFO    ] Getting Actionlist [ACTIONMAN_SERVER]
